#
# A fatal error has been detected by the Java Runtime Environment:
#
#  EXCEPTION_ACCESS_VIOLATION (0xc0000005) at pc=0x00007ffcc123c9b0, pid=9984, tid=14692
#
# JRE version: OpenJDK Runtime Environment 18.9 (11.0.11+9) (build 11.0.11+9)
# Java VM: OpenJDK 64-Bit Server VM 18.9 (11.0.11+9, mixed mode, tiered, compressed oops, g1 gc, windows-amd64)
# Problematic frame:
# C  [librdi_filemgmt.dll+0x12c9b0]
#
# No core dump will be written. Minidumps are not enabled by default on client versions of Windows
#
# If you would like to submit a bug report, please visit:
#   https://bugreport.java.com/bugreport/crash.jsp
# The crash happened outside the Java Virtual Machine in native code.
# See problematic frame for where to report the bug.
#

---------------  S U M M A R Y ------------

Command Line: -Dsun.java2d.pmoffscreen=false -Dhttps.protocols=TLSv1,TLSv1.1,TLSv1.2 -Dsun.java2d.xrender=false -Dsun.java2d.d3d=false -Dsun.awt.nopixfmt=true -Dsun.java2d.dpiaware=true -Dsun.java2d.uiScale.enabled=false -Xverify:none -Dswing.aatext=true -XX:-UsePerfData -Djdk.map.althashing.threshold=512 -XX:StringTableSize=4072 --add-opens=java.base/java.nio=ALL-UNNAMED --add-opens=java.desktop/sun.swing=ALL-UNNAMED --add-opens=java.desktop/javax.swing=ALL-UNNAMED --add-opens=java.desktop/javax.swing.tree=ALL-UNNAMED --add-opens=java.desktop/javax.swing.plaf.basic=ALL-UNNAMED --add-opens=java.desktop/javax.swing.plaf.synth=ALL-UNNAMED --add-opens=java.desktop/com.sun.awt=ALL-UNNAMED -XX:NewSize=60m -XX:MaxNewSize=60m -Xms256m -Xmx3072m -Xss5m 

Host: AMD Ryzen 7 5800HS with Radeon Graphics         , 16 cores, 7G,  Windows 10 , 64 bit Build 19041 (10.0.19041.1566)
Time: Thu Apr 14 18:24:01 2022 GTB Daylight Time elapsed time: 153.635006 seconds (0d 0h 2m 33s)

---------------  T H R E A D  ---------------

Current thread (0x0000017eb700d800):  JavaThread "AWT-EventQueue-0" [_thread_in_native, id=14692, stack(0x0000001103c00000,0x0000001104100000)]

Stack: [0x0000001103c00000,0x0000001104100000],  sp=0x00000011040f6b30,  free space=5082k
Native frames: (J=compiled Java code, j=interpreted, Vv=VM code, C=native code)
C  [librdi_filemgmt.dll+0x12c9b0]
C  [librdi_runsbase.dll+0x25ba9]
C  [librdi_runsbase.dll+0xc704]
C  [librdi_runs.dll+0xdd651]
C  0x0000017e8ec5f377

Java frames: (J=compiled Java code, j=interpreted, Vv=VM code)
j  ui.data.experiment.xperimenti.ExpInfo_getStaleReasons(JJ)Z+0
j  ui.data.experiment.k.a(Lui/data/i/f;)Z+8
j  ui.views.F.m.kws()V+87
j  ui.views.F.n.timerActionPerformed()V+4
J 14997 c1 ui.utils.q.b.actionPerformed(Ljava/awt/event/ActionEvent;)V (155 bytes) @ 0x0000017e8fc706fc [0x0000017e8fc70540+0x00000000000001bc]
J 14814 c1 javax.swing.Timer.fireActionPerformed(Ljava/awt/event/ActionEvent;)V java.desktop@11.0.11 (46 bytes) @ 0x0000017e8f7b2764 [0x0000017e8f7b2480+0x00000000000002e4]
J 14990 c1 ui.utils.q.a.fireActionPerformed(Ljava/awt/event/ActionEvent;)V (49 bytes) @ 0x0000017e8fbb3ac4 [0x0000017e8fbb3960+0x0000000000000164]
J 14813 c1 javax.swing.Timer$DoPostEvent.run()V java.desktop@11.0.11 (82 bytes) @ 0x0000017e8fa0c01c [0x0000017e8fa0b860+0x00000000000007bc]
J 17147 c2 java.awt.EventQueue$4.run()Ljava/lang/Object; java.desktop@11.0.11 (5 bytes) @ 0x0000017e97604be8 [0x0000017e97604b00+0x00000000000000e8]
v  ~StubRoutines::call_stub
J 3951  java.security.AccessController.doPrivileged(Ljava/security/PrivilegedAction;Ljava/security/AccessControlContext;)Ljava/lang/Object; java.base@11.0.11 (0 bytes) @ 0x0000017e96a06db6 [0x0000017e96a06d40+0x0000000000000076]
J 16404 c2 java.awt.EventQueue.dispatchEvent(Ljava/awt/AWTEvent;)V java.desktop@11.0.11 (80 bytes) @ 0x0000017e96c08160 [0x0000017e96c07bc0+0x00000000000005a0]
J 17160 c2 ui.frmwork.a.d.dispatchEvent(Ljava/awt/AWTEvent;)V (42 bytes) @ 0x0000017e9760a3c8 [0x0000017e9760a2e0+0x00000000000000e8]
J 17913 c2 java.awt.EventDispatchThread.pumpOneEventForFilters(I)V java.desktop@11.0.11 (113 bytes) @ 0x0000017e9769e190 [0x0000017e9769df00+0x0000000000000290]
j  java.awt.EventDispatchThread.pumpEventsForFilter(ILjava/awt/Conditional;Ljava/awt/EventFilter;)V+35 java.desktop@11.0.11
j  java.awt.EventDispatchThread.pumpEventsForFilter(Ljava/awt/Conditional;Ljava/awt/EventFilter;)V+4 java.desktop@11.0.11
j  java.awt.WaitDispatchSupport$2.run()V+59 java.desktop@11.0.11
j  java.awt.WaitDispatchSupport$4.run()Ljava/lang/Void;+4 java.desktop@11.0.11
j  java.awt.WaitDispatchSupport$4.run()Ljava/lang/Object;+1 java.desktop@11.0.11
v  ~StubRoutines::call_stub
J 1557  java.security.AccessController.doPrivileged(Ljava/security/PrivilegedAction;)Ljava/lang/Object; java.base@11.0.11 (0 bytes) @ 0x0000017e9688d3a2 [0x0000017e9688d340+0x0000000000000062]
j  java.awt.WaitDispatchSupport.enter()Z+260 java.desktop@11.0.11
j  java.awt.Dialog.show()V+224 java.desktop@11.0.11
J 10637 c1 java.awt.Component.setVisible(Z)V java.desktop@11.0.11 (6 bytes) @ 0x0000017e90f332e4 [0x0000017e90f330e0+0x0000000000000204]
j  java.awt.Window.setVisible(Z)V+2 java.desktop@11.0.11
j  java.awt.Dialog.setVisible(Z)V+2 java.desktop@11.0.11
j  ui.dlg.c.g.setVisible(Z)V+2
j  ui.dlg.c.bA.bHO()V+65
j  ui.dlg.c.bI.actionPerformed(Ljava/awt/event/ActionEvent;)V+8
j  ui.dlg.c.bA.fHc()V+388
j  ui.dlg.o.u.a(Ljava/awt/Component;Lui/project/r;Ljava/util/Collection;ZLui/frmwork/U;)V+28
j  ui.views.F.e.kwp()V+113
j  ui.views.F.f.run()V+278
j  ui.views.Q.X.a(Ljava/lang/String;ZLjava/lang/Runnable;Ljava/lang/Runnable;)Z+275
j  ui.views.Q.X.a(Ljava/lang/String;Ljava/lang/Runnable;Ljava/lang/Runnable;)Z+5
j  ui.views.Q.X.c(Ljava/lang/String;Ljava/lang/Runnable;)Z+4
j  ui.views.F.e.giX()V+908
j  ui.views.F.e.run()V+1
j  ui.views.F.c.b(Lui/views/F/c;)V+1
j  ui.views.F.c.eg(Ljava/util/ArrayList;)V+57
j  ui.views.F.c.run()V+322
j  ui.frmwork.cmd.a.hOw()Z+96
j  ui.views.Q.b.e.I(Lui/views/Q/u;)V+41
j  ui.views.Q.b.q.mouseReleased(Ljava/awt/event/MouseEvent;)V+86
j  java.awt.AWTEventMulticaster.mouseReleased(Ljava/awt/event/MouseEvent;)V+21 java.desktop@11.0.11
j  java.awt.AWTEventMulticaster.mouseReleased(Ljava/awt/event/MouseEvent;)V+8 java.desktop@11.0.11
j  java.awt.AWTEventMulticaster.mouseReleased(Ljava/awt/event/MouseEvent;)V+8 java.desktop@11.0.11
j  java.awt.AWTEventMulticaster.mouseReleased(Ljava/awt/event/MouseEvent;)V+8 java.desktop@11.0.11
j  java.awt.Component.processMouseEvent(Ljava/awt/event/MouseEvent;)V+64 java.desktop@11.0.11
j  javax.swing.JComponent.processMouseEvent(Ljava/awt/event/MouseEvent;)V+23 java.desktop@11.0.11
J 12452 c1 java.awt.Component.processEvent(Ljava/awt/AWTEvent;)V java.desktop@11.0.11 (220 bytes) @ 0x0000017e8fbfef54 [0x0000017e8fbfe900+0x0000000000000654]
J 17778 c1 ui.utils.swing.w.B.processEvent(Ljava/awt/AWTEvent;)V (76 bytes) @ 0x0000017e9077b5a4 [0x0000017e90779b60+0x0000000000001a44]
J 16533 c1 java.awt.Component.dispatchEventImpl(Ljava/awt/AWTEvent;)V java.desktop@11.0.11 (777 bytes) @ 0x0000017e9083b024 [0x0000017e90837060+0x0000000000003fc4]
J 16528 c2 java.awt.Container.dispatchEventImpl(Ljava/awt/AWTEvent;)V java.desktop@11.0.11 (129 bytes) @ 0x0000017e9750acf8 [0x0000017e9750aca0+0x0000000000000058]
J 17850 c2 java.awt.LightweightDispatcher.retargetMouseEvent(Ljava/awt/Component;ILjava/awt/event/MouseEvent;)V java.desktop@11.0.11 (372 bytes) @ 0x0000017e96edc8cc [0x0000017e96edc300+0x00000000000005cc]
J 16400 c1 java.awt.LightweightDispatcher.processMouseEvent(Ljava/awt/event/MouseEvent;)Z java.desktop@11.0.11 (265 bytes) @ 0x0000017e903e432c [0x0000017e903e32e0+0x000000000000104c]
J 16528 c2 java.awt.Container.dispatchEventImpl(Ljava/awt/AWTEvent;)V java.desktop@11.0.11 (129 bytes) @ 0x0000017e9750affc [0x0000017e9750aca0+0x000000000000035c]
J 16141 c1 java.awt.Window.dispatchEventImpl(Ljava/awt/AWTEvent;)V java.desktop@11.0.11 (23 bytes) @ 0x0000017e8f74fbcc [0x0000017e8f74f5a0+0x000000000000062c]
J 17147 c2 java.awt.EventQueue$4.run()Ljava/lang/Object; java.desktop@11.0.11 (5 bytes) @ 0x0000017e97604ca8 [0x0000017e97604b00+0x00000000000001a8]
v  ~StubRoutines::call_stub
J 3951  java.security.AccessController.doPrivileged(Ljava/security/PrivilegedAction;Ljava/security/AccessControlContext;)Ljava/lang/Object; java.base@11.0.11 (0 bytes) @ 0x0000017e96a06db6 [0x0000017e96a06d40+0x0000000000000076]
J 12430 c1 java.awt.EventQueue$5.run()Ljava/lang/Object; java.desktop@11.0.11 (5 bytes) @ 0x0000017e8fa49c1c [0x0000017e8fa498c0+0x000000000000035c]
v  ~StubRoutines::call_stub
J 3951  java.security.AccessController.doPrivileged(Ljava/security/PrivilegedAction;Ljava/security/AccessControlContext;)Ljava/lang/Object; java.base@11.0.11 (0 bytes) @ 0x0000017e96a06db6 [0x0000017e96a06d40+0x0000000000000076]
J 16404 c2 java.awt.EventQueue.dispatchEvent(Ljava/awt/AWTEvent;)V java.desktop@11.0.11 (80 bytes) @ 0x0000017e96c07f74 [0x0000017e96c07bc0+0x00000000000003b4]
J 17160 c2 ui.frmwork.a.d.dispatchEvent(Ljava/awt/AWTEvent;)V (42 bytes) @ 0x0000017e9760a3c8 [0x0000017e9760a2e0+0x00000000000000e8]
J 17839 c2 java.awt.EventDispatchThread.pumpOneEventForFilters(I)V java.desktop@11.0.11 (113 bytes) @ 0x0000017e96eb6c94 [0x0000017e96eb6a00+0x0000000000000294]
j  java.awt.EventDispatchThread.pumpEventsForFilter(ILjava/awt/Conditional;Ljava/awt/EventFilter;)V+35 java.desktop@11.0.11
j  java.awt.EventDispatchThread.pumpEventsForHierarchy(ILjava/awt/Conditional;Ljava/awt/Component;)V+11 java.desktop@11.0.11
j  java.awt.EventDispatchThread.pumpEvents(ILjava/awt/Conditional;)V+4 java.desktop@11.0.11
j  java.awt.EventDispatchThread.pumpEvents(Ljava/awt/Conditional;)V+3 java.desktop@11.0.11
j  java.awt.EventDispatchThread.run()V+9 java.desktop@11.0.11
v  ~StubRoutines::call_stub

siginfo: EXCEPTION_ACCESS_VIOLATION (0xc0000005), reading address 0x0000000000000000


Register to memory mapping:

RIP=0x00007ffcc123c9b0 librdi_filemgmt.dll
RAX=0x0 is NULL
RBX=0x0 is NULL
RCX=0x0000017ec8b2b7e0 points into unknown readable memory: 0x00007ffcc1542cc0 | c0 2c 54 c1 fc 7f 00 00
RDX=0x0000017ec9913f88 points into unknown readable memory: 0x8c00e17ed7ba1cc4 | c4 1c ba d7 7e e1 00 8c
RSP=0x00000011040f6b30 is pointing into the stack for thread: 0x0000017eb700d800
RBP=0x0000017ec8b2b9f0 points into unknown readable memory: 0x0000000000000000 | 00 00 00 00 00 00 00 00
RSI=0x0000017ec8b2b7e0 points into unknown readable memory: 0x00007ffcc1542cc0 | c0 2c 54 c1 fc 7f 00 00
RDI=0x0000017ec8b2b9f0 points into unknown readable memory: 0x0000000000000000 | 00 00 00 00 00 00 00 00
R8 =0x0 is NULL
R9 =64 is a compressed pointer to class: 0x0000000800000040
R10=0x0000000000000300 is an unknown value
R11=0x539c4032002dd007 is an unknown value
R12=0x0 is NULL
R13={method} {0x0000017ebe24f048} 'ExpInfo_getStaleReasons' '(JJ)Z' in 'ui/data/experiment/xperimenti'
R14=0x00000011040f6d70 is pointing into the stack for thread: 0x0000017eb700d800
R15=0x0000017eb700d800 is a thread


Registers:
RAX=0x0000000000000000, RBX=0x0000000000000000, RCX=0x0000017ec8b2b7e0, RDX=0x0000017ec9913f88
RSP=0x00000011040f6b30, RBP=0x0000017ec8b2b9f0, RSI=0x0000017ec8b2b7e0, RDI=0x0000017ec8b2b9f0
R8 =0x0000000000000000, R9 =0x0000000000000040, R10=0x0000000000000300, R11=0x539c4032002dd007
R12=0x0000000000000000, R13=0x0000017ebe24f040, R14=0x00000011040f6d70, R15=0x0000017eb700d800
RIP=0x00007ffcc123c9b0, EFLAGS=0x0000000000010246

Top of Stack: (sp=0x00000011040f6b30)
0x00000011040f6b30:   0000000000000028 0000017e00000000
0x00000011040f6b40:   0000017ec8b2b9f0 00007ffccc9d0b7f
0x00000011040f6b50:   fffffffffffffffe 00007ffcc123ca28
0x00000011040f6b60:   0000017ec8b2b9f0 0000000000000000
0x00000011040f6b70:   00000011040f6d38 00007ffccc965ba9
0x00000011040f6b80:   0000017ec8b2ba08 0000017ec8b2b7e0
0x00000011040f6b90:   0000017ec84168c8 0000000000000000
0x00000011040f6ba0:   0000017ec8b2bb10 00007ffccc94c704
0x00000011040f6bb0:   0000017ec8b2bb10 0000017ec8b2b480
0x00000011040f6bc0:   0000017ecaa66570 00007ffcc6b3da8f
0x00000011040f6bd0:   fffffffffffffffe 00007ffcc142ae5f
0x00000011040f6be0:   0000017eb700db48 00007ffcad12d651
0x00000011040f6bf0:   0000017ec8b2bb10 0000017ebe24f040
0x00000011040f6c00:   00000011040f74a0 0000000000000000
0x00000011040f6c10:   0000017eb700db48 fffffffffffffffe
0x00000011040f6c20:   0000017e8ec59c10 00007ffcc6ffb8af 

Instructions: (pc=0x00007ffcc123c9b0)
0x00007ffcc123c8b0:   48 89 75 b0 4c 89 7d a8 44 0f b6 cf 4c 8d 45 98
0x00007ffcc123c8c0:   48 8d 54 24 68 49 8b cc e8 03 28 fd ff 90 48 8d
0x00007ffcc123c8d0:   4d 98 e8 49 a2 ee ff 80 7b 08 00 0f 85 66 ff ff
0x00007ffcc123c8e0:   ff 48 8b 03 41 8b d5 48 8b cb ff 50 08 48 8b 4d
0x00007ffcc123c8f0:   78 48 33 cc e8 97 e6 1e 00 4c 8d 9c 24 80 01 00
0x00007ffcc123c900:   00 49 8b 5b 38 49 8b 73 40 49 8b 7b 48 49 8b e3
0x00007ffcc123c910:   41 5f 41 5e 41 5d 41 5c 5d c3 cc cc cc cc cc cc
0x00007ffcc123c920:   40 55 56 57 48 83 ec 30 48 c7 44 24 20 fe ff ff
0x00007ffcc123c930:   ff 48 89 5c 24 60 48 8b da 48 8b e9 48 8d 51 18
0x00007ffcc123c940:   48 8d 4c 24 50 ff 15 2d 5c 2e 00 90 b9 28 00 00
0x00007ffcc123c950:   00 e8 ea e4 1e 00 48 8b f0 48 89 44 24 58 45 33
0x00007ffcc123c960:   c0 48 85 c0 74 31 48 8b 43 08 48 8b 13 c6 46 08
0x00007ffcc123c970:   01 48 8d 0d 48 63 30 00 48 89 0e 48 89 56 10 48
0x00007ffcc123c980:   89 56 18 48 89 46 20 0f b6 4e 08 48 3b d0 41 0f
0x00007ffcc123c990:   44 c8 88 4e 08 eb 03 49 8b f0 48 89 74 24 58 80
0x00007ffcc123c9a0:   7e 08 00 74 69 48 8b 06 48 8b ce ff 10 48 8b d8
0x00007ffcc123c9b0:   8b 10 48 8b cd e8 86 00 00 00 48 8b f8 83 38 00
0x00007ffcc123c9c0:   75 04 8b 0b 89 08 8b 8b 48 03 00 00 89 88 48 03
0x00007ffcc123c9d0:   00 00 4c 8d 83 50 03 00 00 48 8d 88 50 03 00 00
0x00007ffcc123c9e0:   49 3b c8 74 16 49 8b d0 49 83 78 18 10 72 03 49
0x00007ffcc123c9f0:   8b 10 4d 8b 40 10 e8 c5 b4 ee ff 48 8d 53 08 48
0x00007ffcc123ca00:   8d 4f 08 e8 88 e9 ff ff 80 7e 08 00 75 97 48 8b
0x00007ffcc123ca10:   06 ba 01 00 00 00 48 8b ce ff 50 08 90 48 8d 4c
0x00007ffcc123ca20:   24 50 ff 15 58 5b 2e 00 48 8b 5c 24 60 48 83 c4
0x00007ffcc123ca30:   30 5f 5e 5d c3 cc cc cc cc cc cc cc cc cc cc cc
0x00007ffcc123ca40:   40 56 57 41 56 48 83 ec 30 48 c7 44 24 20 fe ff
0x00007ffcc123ca50:   ff ff 48 89 5c 24 58 48 89 6c 24 60 8b f2 48 8b
0x00007ffcc123ca60:   f9 45 33 f6 41 8b ee 41 8d 4e 28 e8 d0 e3 1e 00
0x00007ffcc123ca70:   48 8b d8 48 89 44 24 50 48 85 c0 74 31 48 8b 47
0x00007ffcc123ca80:   08 48 8b 17 c6 43 08 01 48 8d 0d 31 62 30 00 48
0x00007ffcc123ca90:   89 0b 48 89 53 10 48 89 53 18 48 89 43 20 0f b6
0x00007ffcc123caa0:   4b 08 48 3b d0 41 0f 44 ce 88 4b 08 eb 03 49 8b 


Stack slot to memory mapping:
stack at sp + 0 slots: 0x0000000000000028 is an unknown value
stack at sp + 1 slots: 0x0000017e00000000 is an unknown value
stack at sp + 2 slots: 0x0000017ec8b2b9f0 points into unknown readable memory: 0x0000000000000000 | 00 00 00 00 00 00 00 00
stack at sp + 3 slots: 0x00007ffccc9d0b7f librdi_runsbase.dll
stack at sp + 4 slots: 0xfffffffffffffffe is an unknown value
stack at sp + 5 slots: 0x00007ffcc123ca28 librdi_filemgmt.dll
stack at sp + 6 slots: 0x0000017ec8b2b9f0 points into unknown readable memory: 0x0000000000000000 | 00 00 00 00 00 00 00 00
stack at sp + 7 slots: 0x0 is NULL


---------------  P R O C E S S  ---------------

Threads class SMR info:
_java_thread_list=0x0000017ebfe15070, length=44, elements={
0x0000017e85a4c800, 0x0000017e83b31000, 0x0000017e84115800, 0x0000017e84117800,
0x0000017e86028800, 0x0000017e8602a000, 0x0000017e85e34000, 0x0000017e85e30800,
0x0000017eaddc8000, 0x0000017e84556800, 0x0000017eabfea800, 0x0000017e83d4d800,
0x0000017efdf3f800, 0x0000017eb5c64800, 0x0000017eb700d800, 0x0000017eb6213000,
0x0000017e85e35800, 0x0000017e85e31800, 0x0000017eb5de1800, 0x0000017eb5de5000,
0x0000017eb5de0000, 0x0000017eb5de7800, 0x0000017eb5dea800, 0x0000017eb5de1000,
0x0000017eb5de2800, 0x0000017eb5de3800, 0x0000017eb5ddf800, 0x0000017eb5de4000,
0x0000017e85e32800, 0x0000017e85e30000, 0x0000017e85e35000, 0x0000017eac316000,
0x0000017eac318800, 0x0000017eac312800, 0x0000017eac316800, 0x0000017eac315000,
0x0000017eac313800, 0x0000017eb5de9000, 0x0000017eac317800, 0x0000017eac319000,
0x0000017eac314800, 0x0000017ec8d0e800, 0x0000017f4a547800, 0x0000017f4a550800
}

Java Threads: ( => current thread )
  0x0000017e85a4c800 JavaThread "main" [_thread_blocked, id=7132, stack(0x000000117e900000,0x000000117ea00000)]
  0x0000017e83b31000 JavaThread "Reference Handler" daemon [_thread_blocked, id=7908, stack(0x000000117f000000,0x000000117f500000)]
  0x0000017e84115800 JavaThread "Finalizer" daemon [_thread_blocked, id=5916, stack(0x000000117f500000,0x000000117fa00000)]
  0x0000017e84117800 JavaThread "Signal Dispatcher" daemon [_thread_blocked, id=12296, stack(0x000000117fa00000,0x000000117ff00000)]
  0x0000017e86028800 JavaThread "Attach Listener" daemon [_thread_blocked, id=10928, stack(0x0000001100000000,0x0000001100500000)]
  0x0000017e8602a000 JavaThread "Service Thread" daemon [_thread_blocked, id=14524, stack(0x0000001100500000,0x0000001100a00000)]
  0x0000017e85e34000 JavaThread "C2 CompilerThread0" daemon [_thread_blocked, id=15364, stack(0x000000117ff00000,0x0000001180000000)]
  0x0000017e85e30800 JavaThread "C1 CompilerThread0" daemon [_thread_blocked, id=20252, stack(0x0000001100a00000,0x0000001100b00000)]
  0x0000017eaddc8000 JavaThread "Sweeper thread" daemon [_thread_blocked, id=4124, stack(0x0000001100b00000,0x0000001101000000)]
  0x0000017e84556800 JavaThread "Common-Cleaner" daemon [_thread_blocked, id=10640, stack(0x0000001101400000,0x0000001101900000)]
  0x0000017eabfea800 JavaThread "Java2D Disposer" daemon [_thread_blocked, id=10512, stack(0x0000001101a00000,0x0000001101f00000)]
  0x0000017e83d4d800 JavaThread "AWT-Shutdown" [_thread_blocked, id=8176, stack(0x0000001101f00000,0x0000001102400000)]
  0x0000017efdf3f800 JavaThread "AWT-Windows" daemon [_thread_in_native, id=4720, stack(0x0000001102400000,0x0000001102900000)]
  0x0000017eb5c64800 JavaThread "TimerQueue" daemon [_thread_blocked, id=18692, stack(0x0000001103200000,0x0000001103700000)]
=>0x0000017eb700d800 JavaThread "AWT-EventQueue-0" [_thread_in_native, id=14692, stack(0x0000001103c00000,0x0000001104100000)]
  0x0000017eb6213000 JavaThread "Thread-1" [_thread_in_native, id=3216, stack(0x000000117d300000,0x000000117e700000)]
  0x0000017e85e35800 JavaThread "Process Messages Thread" [_thread_blocked, id=15880, stack(0x0000001104a00000,0x0000001104f00000)]
  0x0000017e85e31800 JavaThread "Batik CleanerThread" daemon [_thread_blocked, id=1516, stack(0x0000001104100000,0x0000001104600000)]
  0x0000017eb5de1800 JavaThread "SyntheticaCleanerThread" daemon [_thread_blocked, id=4072, stack(0x0000001105500000,0x0000001105a00000)]
  0x0000017eb5de5000 JavaThread "Monitor HEventQueue Thread" [_thread_blocked, id=7840, stack(0x0000001106600000,0x0000001106b00000)]
  0x0000017eb5de0000 JavaThread "SyntheticaAnimation 50" daemon [_thread_blocked, id=14292, stack(0x0000001106b00000,0x0000001107000000)]
  0x0000017eb5de7800 JavaThread "SyntheticaAnimation 25" daemon [_thread_blocked, id=19804, stack(0x0000001107000000,0x0000001107500000)]
  0x0000017eb5dea800 JavaThread "SyntheticaAnimation 70" daemon [_thread_blocked, id=1408, stack(0x0000001107b00000,0x0000001108000000)]
  0x0000017eb5de1000 JavaThread "Refresh Filesets Swing Worker Thread" [_thread_blocked, id=7644, stack(0x0000001104f00000,0x0000001105400000)]
  0x0000017eb5de2800 JavaThread "Thread-16" [_thread_blocked, id=12844, stack(0x0000001105a00000,0x0000001105f00000)]
  0x0000017eb5de3800 JavaThread "OutputGobbler" daemon [_thread_in_native, id=9488, stack(0x0000001108000000,0x0000001108500000)]
  0x0000017eb5ddf800 JavaThread "ErrorGobbler" daemon [_thread_in_native, id=16036, stack(0x0000001108500000,0x0000001108a00000)]
  0x0000017eb5de4000 JavaThread "hw_ila_monitor" [_thread_blocked, id=12424, stack(0x0000001109400000,0x0000001109900000)]
  0x0000017e85e32800 JavaThread "pool-2-thread-1" [_thread_blocked, id=8196, stack(0x000000110a300000,0x000000110a800000)]
  0x0000017e85e30000 JavaThread "pool-3-thread-1" [_thread_blocked, id=13632, stack(0x000000110a800000,0x000000110ad00000)]
  0x0000017e85e35000 JavaThread "pool-4-thread-1" [_thread_blocked, id=18284, stack(0x000000110ad00000,0x000000110b200000)]
  0x0000017eac316000 JavaThread "Update Runs Swing Worker Thread" [_thread_blocked, id=17896, stack(0x000000110b700000,0x000000110bc00000)]
  0x0000017eac318800 JavaThread "Watchdog Thread for com.sigasi.lsp.server.BootstrappedLspServer" daemon [_thread_blocked, id=16452, stack(0x000000110b200000,0x000000110b700000)]
  0x0000017eac312800 JavaThread "Life support thread" daemon [_thread_blocked, id=18996, stack(0x0000001107600000,0x0000001107b00000)]
  0x0000017eac316800 JavaThread "ForkJoinPool.commonPool-worker-19" daemon [_thread_blocked, id=12644, stack(0x0000001108a00000,0x0000001108f00000)]
  0x0000017eac315000 JavaThread "Protocol translation thread 0" [_thread_in_native, id=16512, stack(0x0000001103700000,0x0000001103c00000)]
  0x0000017eac313800 JavaThread "pool-6-thread-1" [_thread_blocked, id=1912, stack(0x0000001108f00000,0x0000001109400000)]
  0x0000017eb5de9000 JavaThread "EMF Reference Cleaner" daemon [_thread_blocked, id=4376, stack(0x000000110c000000,0x000000110c500000)]
  0x0000017eac317800 JavaThread "pool-7-thread-1" [_thread_blocked, id=12392, stack(0x0000001109e00000,0x000000110a300000)]
  0x0000017eac319000 JavaThread "Timer-0" [_thread_blocked, id=11112, stack(0x000000110ca00000,0x000000110cf00000)]
  0x0000017eac314800 JavaThread "Monitor File Timestamp Swing Worker Thread" [_thread_blocked, id=12948, stack(0x000000110cf00000,0x000000110d400000)]
  0x0000017ec8d0e800 JavaThread "SyntheticaAnimation 50" daemon [_thread_blocked, id=14564, stack(0x000000110d400000,0x000000110d900000)]
  0x0000017f4a547800 JavaThread "Resetting Runs Thread" [_thread_in_native, id=2824, stack(0x0000001109900000,0x0000001109e00000)]
  0x0000017f4a550800 JavaThread "C1 CompilerThread1" daemon [_thread_blocked, id=11248, stack(0x0000001101100000,0x0000001101200000)]

Other Threads:
  0x0000017e828ce000 VMThread "VM Thread" [stack: 0x000000117ef00000,0x000000117f000000] [id=15456]
  0x0000017e83d00000 WatcherThread [stack: 0x0000001101900000,0x0000001101a00000] [id=6096]
  0x0000017e8461c800 GCTaskThread "GC Thread#0" [stack: 0x000000117ea00000,0x000000117eb00000] [id=13056]
  0x0000017eac1ae800 GCTaskThread "GC Thread#1" [stack: 0x0000001102c00000,0x0000001102d00000] [id=9288]
  0x0000017eb624f000 GCTaskThread "GC Thread#2" [stack: 0x0000001102d00000,0x0000001102e00000] [id=13536]
  0x0000017eb5a88000 GCTaskThread "GC Thread#3" [stack: 0x0000001102e00000,0x0000001102f00000] [id=14968]
  0x0000017eac124800 GCTaskThread "GC Thread#4" [stack: 0x0000001102f00000,0x0000001103000000] [id=13668]
  0x0000017eac089800 GCTaskThread "GC Thread#5" [stack: 0x0000001103000000,0x0000001103100000] [id=13180]
  0x0000017eb726b800 GCTaskThread "GC Thread#6" [stack: 0x0000001104600000,0x0000001104700000] [id=15152]
  0x0000017eb6455000 GCTaskThread "GC Thread#7" [stack: 0x0000001104700000,0x0000001104800000] [id=10068]
  0x0000017eb5f3d800 GCTaskThread "GC Thread#8" [stack: 0x0000001102b00000,0x0000001102c00000] [id=15916]
  0x0000017eb6233800 GCTaskThread "GC Thread#9" [stack: 0x0000001105400000,0x0000001105500000] [id=8172]
  0x0000017ebac97000 GCTaskThread "GC Thread#10" [stack: 0x0000001105f00000,0x0000001106000000] [id=16136]
  0x0000017ebaaad000 GCTaskThread "GC Thread#11" [stack: 0x0000001106000000,0x0000001106100000] [id=14756]
  0x0000017ebeba5000 GCTaskThread "GC Thread#12" [stack: 0x0000001107500000,0x0000001107600000] [id=20220]
  0x0000017ed9f53000 ConcurrentGCThread "G1 Main Marker" [stack: 0x000000117eb00000,0x000000117ec00000] [id=4408]
  0x0000017e83ec2800 ConcurrentGCThread "G1 Conc#0" [stack: 0x000000117ec00000,0x000000117ed00000] [id=10772]
  0x0000017eb6344800 ConcurrentGCThread "G1 Conc#1" [stack: 0x0000001104800000,0x0000001104900000] [id=11608]
  0x0000017eb6212000 ConcurrentGCThread "G1 Conc#2" [stack: 0x0000001104900000,0x0000001104a00000] [id=12596]
  0x0000017e85faf800 ConcurrentGCThread "G1 Refine#0" [stack: 0x000000117ed00000,0x000000117ee00000] [id=6560]
  0x0000017eb5d9d000 ConcurrentGCThread "G1 Refine#1" [stack: 0x0000001103100000,0x0000001103200000] [id=14136]
  0x0000017e85fb0000 ConcurrentGCThread "G1 Young RemSet Sampling" [stack: 0x000000117ee00000,0x000000117ef00000] [id=4084]

Threads with active compile tasks:

VM state:not at safepoint (normal execution)

VM Mutex/Monitor currently owned by a thread: None

Heap address: 0x0000000740000000, size: 3072 MB, Compressed Oops mode: Zero based, Oop shift amount: 3
Narrow klass base: 0x0000000800000000, Narrow klass shift: 0
Compressed class space size: 1073741824 Address: 0x0000000800000000

Heap:
 garbage-first heap   total 262144K, used 83320K [0x0000000740000000, 0x0000000800000000)
  region size 1024K, 5 young (5120K), 0 survivors (0K)
 Metaspace       used 98862K, capacity 101278K, committed 101456K, reserved 1136640K
  class space    used 12800K, capacity 13852K, committed 13908K, reserved 1048576K
Heap Regions: E=young(eden), S=young(survivor), O=old, HS=humongous(starts), HC=humongous(continues), CS=collection set, F=free, A=archive, TAMS=top-at-mark-start (previous, next)
|   0|0x0000000740000000, 0x0000000740100000, 0x0000000740100000|100%|HS|  |TAMS 0x0000000740000000, 0x0000000740000000| Untracked 
|   1|0x0000000740100000, 0x0000000740200000, 0x0000000740200000|100%|HC|  |TAMS 0x0000000740100000, 0x0000000740100000| Untracked 
|   2|0x0000000740200000, 0x0000000740300000, 0x0000000740300000|100%|HS|  |TAMS 0x0000000740200000, 0x0000000740200000| Untracked 
|   3|0x0000000740300000, 0x00000007403ffff8, 0x0000000740400000| 99%| O|  |TAMS 0x0000000740300000, 0x0000000740300000| Untracked 
|   4|0x0000000740400000, 0x00000007404ffff8, 0x0000000740500000| 99%| O|  |TAMS 0x0000000740400000, 0x0000000740400000| Untracked 
|   5|0x0000000740500000, 0x00000007405fffd8, 0x0000000740600000| 99%| O|  |TAMS 0x0000000740500000, 0x0000000740500000| Untracked 
|   6|0x0000000740600000, 0x00000007406ffff0, 0x0000000740700000| 99%| O|  |TAMS 0x0000000740600000, 0x0000000740600000| Untracked 
|   7|0x0000000740700000, 0x00000007407ffff8, 0x0000000740800000| 99%| O|  |TAMS 0x0000000740700000, 0x0000000740700000| Untracked 
|   8|0x0000000740800000, 0x00000007408fffe0, 0x0000000740900000| 99%| O|  |TAMS 0x0000000740800000, 0x0000000740800000| Untracked 
|   9|0x0000000740900000, 0x00000007409ffff0, 0x0000000740a00000| 99%| O|  |TAMS 0x0000000740900000, 0x0000000740900000| Untracked 
|  10|0x0000000740a00000, 0x0000000740afffe8, 0x0000000740b00000| 99%| O|  |TAMS 0x0000000740a00000, 0x0000000740a00000| Untracked 
|  11|0x0000000740b00000, 0x0000000740bfffe8, 0x0000000740c00000| 99%| O|  |TAMS 0x0000000740b00000, 0x0000000740b00000| Untracked 
|  12|0x0000000740c00000, 0x0000000740cffff0, 0x0000000740d00000| 99%| O|  |TAMS 0x0000000740c00000, 0x0000000740c00000| Untracked 
|  13|0x0000000740d00000, 0x0000000740dffff0, 0x0000000740e00000| 99%| O|  |TAMS 0x0000000740d00000, 0x0000000740d00000| Untracked 
|  14|0x0000000740e00000, 0x0000000740effff0, 0x0000000740f00000| 99%| O|  |TAMS 0x0000000740e00000, 0x0000000740e00000| Untracked 
|  15|0x0000000740f00000, 0x0000000740fffff8, 0x0000000741000000| 99%| O|  |TAMS 0x0000000740f00000, 0x0000000740f00000| Untracked 
|  16|0x0000000741000000, 0x00000007410fffe8, 0x0000000741100000| 99%| O|  |TAMS 0x0000000741000000, 0x0000000741000000| Untracked 
|  17|0x0000000741100000, 0x00000007411fffd8, 0x0000000741200000| 99%| O|  |TAMS 0x0000000741100000, 0x0000000741100000| Untracked 
|  18|0x0000000741200000, 0x00000007412fffd0, 0x0000000741300000| 99%| O|  |TAMS 0x0000000741200000, 0x0000000741200000| Untracked 
|  19|0x0000000741300000, 0x0000000741400000, 0x0000000741400000|100%| O|  |TAMS 0x0000000741300000, 0x0000000741300000| Untracked 
|  20|0x0000000741400000, 0x00000007414fff98, 0x0000000741500000| 99%| O|  |TAMS 0x0000000741400000, 0x0000000741400000| Untracked 
|  21|0x0000000741500000, 0x0000000741600000, 0x0000000741600000|100%| O|  |TAMS 0x0000000741500000, 0x0000000741500000| Untracked 
|  22|0x0000000741600000, 0x00000007416ffff0, 0x0000000741700000| 99%| O|  |TAMS 0x0000000741600000, 0x0000000741600000| Untracked 
|  23|0x0000000741700000, 0x00000007417fffd8, 0x0000000741800000| 99%| O|  |TAMS 0x0000000741700000, 0x0000000741700000| Untracked 
|  24|0x0000000741800000, 0x0000000741900000, 0x0000000741900000|100%|HS|  |TAMS 0x0000000741800000, 0x0000000741800000| Untracked 
|  25|0x0000000741900000, 0x00000007419ffff0, 0x0000000741a00000| 99%| O|  |TAMS 0x0000000741900000, 0x0000000741900000| Untracked 
|  26|0x0000000741a00000, 0x0000000741afffe8, 0x0000000741b00000| 99%| O|  |TAMS 0x0000000741a00000, 0x0000000741a00000| Untracked 
|  27|0x0000000741b00000, 0x0000000741bffff0, 0x0000000741c00000| 99%| O|  |TAMS 0x0000000741b00000, 0x0000000741b00000| Untracked 
|  28|0x0000000741c00000, 0x0000000741cffff0, 0x0000000741d00000| 99%| O|  |TAMS 0x0000000741c00000, 0x0000000741c00000| Untracked 
|  29|0x0000000741d00000, 0x0000000741dffff0, 0x0000000741e00000| 99%| O|  |TAMS 0x0000000741d00000, 0x0000000741d00000| Untracked 
|  30|0x0000000741e00000, 0x0000000741effff8, 0x0000000741f00000| 99%| O|  |TAMS 0x0000000741e00000, 0x0000000741e00000| Untracked 
|  31|0x0000000741f00000, 0x0000000741ffffe8, 0x0000000742000000| 99%| O|  |TAMS 0x0000000741f00000, 0x0000000741f00000| Untracked 
|  32|0x0000000742000000, 0x00000007420ffee0, 0x0000000742100000| 99%| O|  |TAMS 0x0000000742000000, 0x0000000742000000| Untracked 
|  33|0x0000000742100000, 0x00000007421fff28, 0x0000000742200000| 99%| O|  |TAMS 0x0000000742100000, 0x0000000742100000| Untracked 
|  34|0x0000000742200000, 0x00000007422ffff0, 0x0000000742300000| 99%| O|  |TAMS 0x0000000742200000, 0x0000000742200000| Untracked 
|  35|0x0000000742300000, 0x0000000742400000, 0x0000000742400000|100%| O|  |TAMS 0x0000000742300000, 0x0000000742300000| Untracked 
|  36|0x0000000742400000, 0x00000007424fff28, 0x0000000742500000| 99%| O|  |TAMS 0x0000000742400000, 0x0000000742400000| Untracked 
|  37|0x0000000742500000, 0x0000000742600000, 0x0000000742600000|100%| O|  |TAMS 0x0000000742500000, 0x0000000742500000| Untracked 
|  38|0x0000000742600000, 0x00000007426ffff0, 0x0000000742700000| 99%| O|  |TAMS 0x0000000742600000, 0x0000000742600000| Untracked 
|  39|0x0000000742700000, 0x00000007427ffff0, 0x0000000742800000| 99%| O|  |TAMS 0x0000000742700000, 0x0000000742700000| Untracked 
|  40|0x0000000742800000, 0x0000000742900000, 0x0000000742900000|100%| O|  |TAMS 0x0000000742800000, 0x0000000742800000| Untracked 
|  41|0x0000000742900000, 0x0000000742a00000, 0x0000000742a00000|100%|HS|  |TAMS 0x0000000742900000, 0x0000000742900000| Untracked 
|  42|0x0000000742a00000, 0x0000000742b00000, 0x0000000742b00000|100%|HC|  |TAMS 0x0000000742a00000, 0x0000000742a00000| Untracked 
|  43|0x0000000742b00000, 0x0000000742c00000, 0x0000000742c00000|100%|HC|  |TAMS 0x0000000742b00000, 0x0000000742b00000| Untracked 
|  44|0x0000000742c00000, 0x0000000742d00000, 0x0000000742d00000|100%|HC|  |TAMS 0x0000000742c00000, 0x0000000742c00000| Untracked 
|  45|0x0000000742d00000, 0x0000000742e00000, 0x0000000742e00000|100%|HC|  |TAMS 0x0000000742d00000, 0x0000000742d00000| Untracked 
|  46|0x0000000742e00000, 0x0000000742f00000, 0x0000000742f00000|100%|HC|  |TAMS 0x0000000742e00000, 0x0000000742e00000| Untracked 
|  47|0x0000000742f00000, 0x0000000743000000, 0x0000000743000000|100%|HC|  |TAMS 0x0000000742f00000, 0x0000000742f00000| Untracked 
|  48|0x0000000743000000, 0x0000000743100000, 0x0000000743100000|100%|HC|  |TAMS 0x0000000743000000, 0x0000000743000000| Untracked 
|  49|0x0000000743100000, 0x00000007431fffe0, 0x0000000743200000| 99%| O|  |TAMS 0x0000000743100000, 0x0000000743100000| Untracked 
|  50|0x0000000743200000, 0x00000007432ffff8, 0x0000000743300000| 99%| O|  |TAMS 0x0000000743200000, 0x0000000743200000| Untracked 
|  51|0x0000000743300000, 0x00000007433fffd0, 0x0000000743400000| 99%| O|  |TAMS 0x0000000743300000, 0x0000000743300000| Untracked 
|  52|0x0000000743400000, 0x00000007434fffd8, 0x0000000743500000| 99%| O|  |TAMS 0x0000000743400000, 0x0000000743400000| Untracked 
|  53|0x0000000743500000, 0x00000007435fff70, 0x0000000743600000| 99%| O|  |TAMS 0x0000000743500000, 0x0000000743500000| Untracked 
|  54|0x0000000743600000, 0x00000007436fffb8, 0x0000000743700000| 99%| O|  |TAMS 0x0000000743600000, 0x0000000743600000| Untracked 
|  55|0x0000000743700000, 0x00000007437fffd8, 0x0000000743800000| 99%| O|  |TAMS 0x0000000743700000, 0x0000000743700000| Untracked 
|  56|0x0000000743800000, 0x00000007438fffe8, 0x0000000743900000| 99%| O|  |TAMS 0x0000000743800000, 0x0000000743800000| Untracked 
|  57|0x0000000743900000, 0x00000007439ffff8, 0x0000000743a00000| 99%| O|  |TAMS 0x0000000743900000, 0x0000000743900000| Untracked 
|  58|0x0000000743a00000, 0x0000000743afff50, 0x0000000743b00000| 99%| O|  |TAMS 0x0000000743a00000, 0x0000000743a00000| Untracked 
|  59|0x0000000743b00000, 0x0000000743bfff38, 0x0000000743c00000| 99%| O|  |TAMS 0x0000000743b00000, 0x0000000743b00000| Untracked 
|  60|0x0000000743c00000, 0x0000000743cfffe8, 0x0000000743d00000| 99%| O|  |TAMS 0x0000000743c00000, 0x0000000743c00000| Untracked 
|  61|0x0000000743d00000, 0x0000000743e00000, 0x0000000743e00000|100%| O|  |TAMS 0x0000000743d00000, 0x0000000743d00000| Untracked 
|  62|0x0000000743e00000, 0x0000000743effff8, 0x0000000743f00000| 99%| O|  |TAMS 0x0000000743e00000, 0x0000000743e00000| Untracked 
|  63|0x0000000743f00000, 0x0000000743feee58, 0x0000000744000000| 93%| O|  |TAMS 0x0000000743f00000, 0x0000000743f00000| Untracked 
|  64|0x0000000744000000, 0x0000000744100000, 0x0000000744100000|100%| O|  |TAMS 0x0000000744000000, 0x0000000744000000| Untracked 
|  65|0x0000000744100000, 0x00000007441fff30, 0x0000000744200000| 99%| O|  |TAMS 0x0000000744100000, 0x0000000744100000| Untracked 
|  66|0x0000000744200000, 0x0000000744300000, 0x0000000744300000|100%| O|  |TAMS 0x0000000744200000, 0x0000000744200000| Untracked 
|  67|0x0000000744300000, 0x00000007443f72e8, 0x0000000744400000| 96%| O|  |TAMS 0x0000000744300000, 0x0000000744300000| Untracked 
|  68|0x0000000744400000, 0x00000007444fffe8, 0x0000000744500000| 99%| O|  |TAMS 0x0000000744400000, 0x0000000744400000| Untracked 
|  69|0x0000000744500000, 0x00000007445df6f8, 0x0000000744600000| 87%| O|  |TAMS 0x0000000744500000, 0x0000000744500000| Untracked 
|  70|0x0000000744600000, 0x00000007446eef48, 0x0000000744700000| 93%| O|  |TAMS 0x0000000744600000, 0x0000000744600000| Untracked 
|  71|0x0000000744700000, 0x00000007447ff350, 0x0000000744800000| 99%| O|  |TAMS 0x0000000744700000, 0x0000000744700000| Untracked 
|  72|0x0000000744800000, 0x00000007448fffe8, 0x0000000744900000| 99%| O|  |TAMS 0x0000000744800000, 0x0000000744800000| Untracked 
|  73|0x0000000744900000, 0x00000007449294d0, 0x0000000744a00000| 16%| O|  |TAMS 0x0000000744900000, 0x0000000744900000| Untracked 
|  74|0x0000000744a00000, 0x0000000744b00000, 0x0000000744b00000|100%| O|  |TAMS 0x0000000744a00000, 0x0000000744a00000| Untracked 
|  75|0x0000000744b00000, 0x0000000744bd1e38, 0x0000000744c00000| 81%| O|  |TAMS 0x0000000744b00000, 0x0000000744b00000| Untracked 
|  76|0x0000000744c00000, 0x0000000744cd1520, 0x0000000744d00000| 81%| O|  |TAMS 0x0000000744c00000, 0x0000000744c00000| Untracked 
|  77|0x0000000744d00000, 0x0000000744d3dfd8, 0x0000000744e00000| 24%| O|  |TAMS 0x0000000744d00000, 0x0000000744d00000| Untracked 
|  78|0x0000000744e00000, 0x0000000744e00000, 0x0000000744f00000|  0%| F|  |TAMS 0x0000000744e00000, 0x0000000744e00000| Untracked 
|  79|0x0000000744f00000, 0x0000000744f75f20, 0x0000000745000000| 46%| O|  |TAMS 0x0000000744f00000, 0x0000000744f00000| Untracked 
|  80|0x0000000745000000, 0x0000000745000000, 0x0000000745100000|  0%| F|  |TAMS 0x0000000745000000, 0x0000000745000000| Untracked 
|  81|0x0000000745100000, 0x0000000745200000, 0x0000000745200000|100%|HS|  |TAMS 0x0000000745100000, 0x0000000745100000| Untracked 
|  82|0x0000000745200000, 0x0000000745200000, 0x0000000745300000|  0%| F|  |TAMS 0x0000000745200000, 0x0000000745200000| Untracked 
|  83|0x0000000745300000, 0x0000000745300000, 0x0000000745400000|  0%| F|  |TAMS 0x0000000745300000, 0x0000000745300000| Untracked 
|  84|0x0000000745400000, 0x000000074542aa80, 0x0000000745500000| 16%| O|  |TAMS 0x0000000745400000, 0x0000000745400000| Untracked 
|  85|0x0000000745500000, 0x0000000745500000, 0x0000000745600000|  0%| F|  |TAMS 0x0000000745500000, 0x0000000745500000| Untracked 
|  86|0x0000000745600000, 0x0000000745600000, 0x0000000745700000|  0%| F|  |TAMS 0x0000000745600000, 0x0000000745600000| Untracked 
|  87|0x0000000745700000, 0x0000000745700000, 0x0000000745800000|  0%| F|  |TAMS 0x0000000745700000, 0x0000000745700000| Untracked 
|  88|0x0000000745800000, 0x0000000745800000, 0x0000000745900000|  0%| F|  |TAMS 0x0000000745800000, 0x0000000745800000| Untracked 
|  89|0x0000000745900000, 0x0000000745900000, 0x0000000745a00000|  0%| F|  |TAMS 0x0000000745900000, 0x0000000745900000| Untracked 
|  90|0x0000000745a00000, 0x0000000745a00000, 0x0000000745b00000|  0%| F|  |TAMS 0x0000000745a00000, 0x0000000745a00000| Untracked 
|  91|0x0000000745b00000, 0x0000000745b00000, 0x0000000745c00000|  0%| F|  |TAMS 0x0000000745b00000, 0x0000000745b00000| Untracked 
|  92|0x0000000745c00000, 0x0000000745c00000, 0x0000000745d00000|  0%| F|  |TAMS 0x0000000745c00000, 0x0000000745c00000| Untracked 
|  93|0x0000000745d00000, 0x0000000745d00000, 0x0000000745e00000|  0%| F|  |TAMS 0x0000000745d00000, 0x0000000745d00000| Untracked 
|  94|0x0000000745e00000, 0x0000000745e00000, 0x0000000745f00000|  0%| F|  |TAMS 0x0000000745e00000, 0x0000000745e00000| Untracked 
|  95|0x0000000745f00000, 0x0000000745f00000, 0x0000000746000000|  0%| F|  |TAMS 0x0000000745f00000, 0x0000000745f00000| Untracked 
|  96|0x0000000746000000, 0x0000000746000000, 0x0000000746100000|  0%| F|  |TAMS 0x0000000746000000, 0x0000000746000000| Untracked 
|  97|0x0000000746100000, 0x0000000746100000, 0x0000000746200000|  0%| F|  |TAMS 0x0000000746100000, 0x0000000746100000| Untracked 
|  98|0x0000000746200000, 0x0000000746200000, 0x0000000746300000|  0%| F|  |TAMS 0x0000000746200000, 0x0000000746200000| Untracked 
|  99|0x0000000746300000, 0x0000000746300000, 0x0000000746400000|  0%| F|  |TAMS 0x0000000746300000, 0x0000000746300000| Untracked 
| 100|0x0000000746400000, 0x0000000746400000, 0x0000000746500000|  0%| F|  |TAMS 0x0000000746400000, 0x0000000746400000| Untracked 
| 101|0x0000000746500000, 0x0000000746500000, 0x0000000746600000|  0%| F|  |TAMS 0x0000000746500000, 0x0000000746500000| Untracked 
| 102|0x0000000746600000, 0x0000000746600000, 0x0000000746700000|  0%| F|  |TAMS 0x0000000746600000, 0x0000000746600000| Untracked 
| 103|0x0000000746700000, 0x0000000746700000, 0x0000000746800000|  0%| F|  |TAMS 0x0000000746700000, 0x0000000746700000| Untracked 
| 104|0x0000000746800000, 0x0000000746800000, 0x0000000746900000|  0%| F|  |TAMS 0x0000000746800000, 0x0000000746800000| Untracked 
| 105|0x0000000746900000, 0x0000000746900000, 0x0000000746a00000|  0%| F|  |TAMS 0x0000000746900000, 0x0000000746900000| Untracked 
| 106|0x0000000746a00000, 0x0000000746a00000, 0x0000000746b00000|  0%| F|  |TAMS 0x0000000746a00000, 0x0000000746a00000| Untracked 
| 107|0x0000000746b00000, 0x0000000746b00000, 0x0000000746c00000|  0%| F|  |TAMS 0x0000000746b00000, 0x0000000746b00000| Untracked 
| 108|0x0000000746c00000, 0x0000000746c00000, 0x0000000746d00000|  0%| F|  |TAMS 0x0000000746c00000, 0x0000000746c00000| Untracked 
| 109|0x0000000746d00000, 0x0000000746d00000, 0x0000000746e00000|  0%| F|  |TAMS 0x0000000746d00000, 0x0000000746d00000| Untracked 
| 110|0x0000000746e00000, 0x0000000746e00000, 0x0000000746f00000|  0%| F|  |TAMS 0x0000000746e00000, 0x0000000746e00000| Untracked 
| 111|0x0000000746f00000, 0x0000000746f00000, 0x0000000747000000|  0%| F|  |TAMS 0x0000000746f00000, 0x0000000746f00000| Untracked 
| 112|0x0000000747000000, 0x0000000747000000, 0x0000000747100000|  0%| F|  |TAMS 0x0000000747000000, 0x0000000747000000| Untracked 
| 113|0x0000000747100000, 0x0000000747100000, 0x0000000747200000|  0%| F|  |TAMS 0x0000000747100000, 0x0000000747100000| Untracked 
| 114|0x0000000747200000, 0x0000000747200000, 0x0000000747300000|  0%| F|  |TAMS 0x0000000747200000, 0x0000000747200000| Untracked 
| 115|0x0000000747300000, 0x0000000747300000, 0x0000000747400000|  0%| F|  |TAMS 0x0000000747300000, 0x0000000747300000| Untracked 
| 116|0x0000000747400000, 0x0000000747400000, 0x0000000747500000|  0%| F|  |TAMS 0x0000000747400000, 0x0000000747400000| Untracked 
| 117|0x0000000747500000, 0x0000000747500000, 0x0000000747600000|  0%| F|  |TAMS 0x0000000747500000, 0x0000000747500000| Untracked 
| 118|0x0000000747600000, 0x0000000747600000, 0x0000000747700000|  0%| F|  |TAMS 0x0000000747600000, 0x0000000747600000| Untracked 
| 119|0x0000000747700000, 0x0000000747700000, 0x0000000747800000|  0%| F|  |TAMS 0x0000000747700000, 0x0000000747700000| Untracked 
| 120|0x0000000747800000, 0x0000000747800000, 0x0000000747900000|  0%| F|  |TAMS 0x0000000747800000, 0x0000000747800000| Untracked 
| 121|0x0000000747900000, 0x0000000747900000, 0x0000000747a00000|  0%| F|  |TAMS 0x0000000747900000, 0x0000000747900000| Untracked 
| 122|0x0000000747a00000, 0x0000000747a00000, 0x0000000747b00000|  0%| F|  |TAMS 0x0000000747a00000, 0x0000000747a00000| Untracked 
| 123|0x0000000747b00000, 0x0000000747b00000, 0x0000000747c00000|  0%| F|  |TAMS 0x0000000747b00000, 0x0000000747b00000| Untracked 
| 124|0x0000000747c00000, 0x0000000747c00000, 0x0000000747d00000|  0%| F|  |TAMS 0x0000000747c00000, 0x0000000747c00000| Untracked 
| 125|0x0000000747d00000, 0x0000000747d00000, 0x0000000747e00000|  0%| F|  |TAMS 0x0000000747d00000, 0x0000000747d00000| Untracked 
| 126|0x0000000747e00000, 0x0000000747e00000, 0x0000000747f00000|  0%| F|  |TAMS 0x0000000747e00000, 0x0000000747e00000| Untracked 
| 127|0x0000000747f00000, 0x0000000747f00000, 0x0000000748000000|  0%| F|  |TAMS 0x0000000747f00000, 0x0000000747f00000| Untracked 
| 128|0x0000000748000000, 0x0000000748000000, 0x0000000748100000|  0%| F|  |TAMS 0x0000000748000000, 0x0000000748000000| Untracked 
| 129|0x0000000748100000, 0x0000000748100000, 0x0000000748200000|  0%| F|  |TAMS 0x0000000748100000, 0x0000000748100000| Untracked 
| 130|0x0000000748200000, 0x0000000748200000, 0x0000000748300000|  0%| F|  |TAMS 0x0000000748200000, 0x0000000748200000| Untracked 
| 131|0x0000000748300000, 0x0000000748300000, 0x0000000748400000|  0%| F|  |TAMS 0x0000000748300000, 0x0000000748300000| Untracked 
| 132|0x0000000748400000, 0x0000000748400000, 0x0000000748500000|  0%| F|  |TAMS 0x0000000748400000, 0x0000000748400000| Untracked 
| 133|0x0000000748500000, 0x0000000748500000, 0x0000000748600000|  0%| F|  |TAMS 0x0000000748500000, 0x0000000748500000| Untracked 
| 134|0x0000000748600000, 0x0000000748600000, 0x0000000748700000|  0%| F|  |TAMS 0x0000000748600000, 0x0000000748600000| Untracked 
| 135|0x0000000748700000, 0x0000000748700000, 0x0000000748800000|  0%| F|  |TAMS 0x0000000748700000, 0x0000000748700000| Untracked 
| 136|0x0000000748800000, 0x0000000748800000, 0x0000000748900000|  0%| F|  |TAMS 0x0000000748800000, 0x0000000748800000| Untracked 
| 137|0x0000000748900000, 0x0000000748900000, 0x0000000748a00000|  0%| F|  |TAMS 0x0000000748900000, 0x0000000748900000| Untracked 
| 138|0x0000000748a00000, 0x0000000748a00000, 0x0000000748b00000|  0%| F|  |TAMS 0x0000000748a00000, 0x0000000748a00000| Untracked 
| 139|0x0000000748b00000, 0x0000000748b00000, 0x0000000748c00000|  0%| F|  |TAMS 0x0000000748b00000, 0x0000000748b00000| Untracked 
| 140|0x0000000748c00000, 0x0000000748c00000, 0x0000000748d00000|  0%| F|  |TAMS 0x0000000748c00000, 0x0000000748c00000| Untracked 
| 141|0x0000000748d00000, 0x0000000748d00000, 0x0000000748e00000|  0%| F|  |TAMS 0x0000000748d00000, 0x0000000748d00000| Untracked 
| 142|0x0000000748e00000, 0x0000000748e00000, 0x0000000748f00000|  0%| F|  |TAMS 0x0000000748e00000, 0x0000000748e00000| Untracked 
| 143|0x0000000748f00000, 0x0000000748f00000, 0x0000000749000000|  0%| F|  |TAMS 0x0000000748f00000, 0x0000000748f00000| Untracked 
| 144|0x0000000749000000, 0x0000000749000000, 0x0000000749100000|  0%| F|  |TAMS 0x0000000749000000, 0x0000000749000000| Untracked 
| 145|0x0000000749100000, 0x0000000749100000, 0x0000000749200000|  0%| F|  |TAMS 0x0000000749100000, 0x0000000749100000| Untracked 
| 146|0x0000000749200000, 0x0000000749200000, 0x0000000749300000|  0%| F|  |TAMS 0x0000000749200000, 0x0000000749200000| Untracked 
| 147|0x0000000749300000, 0x0000000749300000, 0x0000000749400000|  0%| F|  |TAMS 0x0000000749300000, 0x0000000749300000| Untracked 
| 148|0x0000000749400000, 0x0000000749400000, 0x0000000749500000|  0%| F|  |TAMS 0x0000000749400000, 0x0000000749400000| Untracked 
| 149|0x0000000749500000, 0x0000000749500000, 0x0000000749600000|  0%| F|  |TAMS 0x0000000749500000, 0x0000000749500000| Untracked 
| 150|0x0000000749600000, 0x0000000749600000, 0x0000000749700000|  0%| F|  |TAMS 0x0000000749600000, 0x0000000749600000| Untracked 
| 151|0x0000000749700000, 0x0000000749700000, 0x0000000749800000|  0%| F|  |TAMS 0x0000000749700000, 0x0000000749700000| Untracked 
| 152|0x0000000749800000, 0x0000000749800000, 0x0000000749900000|  0%| F|  |TAMS 0x0000000749800000, 0x0000000749800000| Untracked 
| 153|0x0000000749900000, 0x0000000749900000, 0x0000000749a00000|  0%| F|  |TAMS 0x0000000749900000, 0x0000000749900000| Untracked 
| 154|0x0000000749a00000, 0x0000000749a00000, 0x0000000749b00000|  0%| F|  |TAMS 0x0000000749a00000, 0x0000000749a00000| Untracked 
| 155|0x0000000749b00000, 0x0000000749b00000, 0x0000000749c00000|  0%| F|  |TAMS 0x0000000749b00000, 0x0000000749b00000| Untracked 
| 156|0x0000000749c00000, 0x0000000749c00000, 0x0000000749d00000|  0%| F|  |TAMS 0x0000000749c00000, 0x0000000749c00000| Untracked 
| 157|0x0000000749d00000, 0x0000000749d00000, 0x0000000749e00000|  0%| F|  |TAMS 0x0000000749d00000, 0x0000000749d00000| Untracked 
| 158|0x0000000749e00000, 0x0000000749e00000, 0x0000000749f00000|  0%| F|  |TAMS 0x0000000749e00000, 0x0000000749e00000| Untracked 
| 159|0x0000000749f00000, 0x0000000749f00000, 0x000000074a000000|  0%| F|  |TAMS 0x0000000749f00000, 0x0000000749f00000| Untracked 
| 160|0x000000074a000000, 0x000000074a000000, 0x000000074a100000|  0%| F|  |TAMS 0x000000074a000000, 0x000000074a000000| Untracked 
| 161|0x000000074a100000, 0x000000074a100000, 0x000000074a200000|  0%| F|  |TAMS 0x000000074a100000, 0x000000074a100000| Untracked 
| 162|0x000000074a200000, 0x000000074a200000, 0x000000074a300000|  0%| F|  |TAMS 0x000000074a200000, 0x000000074a200000| Untracked 
| 163|0x000000074a300000, 0x000000074a300000, 0x000000074a400000|  0%| F|  |TAMS 0x000000074a300000, 0x000000074a300000| Untracked 
| 164|0x000000074a400000, 0x000000074a400000, 0x000000074a500000|  0%| F|  |TAMS 0x000000074a400000, 0x000000074a400000| Untracked 
| 165|0x000000074a500000, 0x000000074a500000, 0x000000074a600000|  0%| F|  |TAMS 0x000000074a500000, 0x000000074a500000| Untracked 
| 166|0x000000074a600000, 0x000000074a600000, 0x000000074a700000|  0%| F|  |TAMS 0x000000074a600000, 0x000000074a600000| Untracked 
| 167|0x000000074a700000, 0x000000074a700000, 0x000000074a800000|  0%| F|  |TAMS 0x000000074a700000, 0x000000074a700000| Untracked 
| 168|0x000000074a800000, 0x000000074a800000, 0x000000074a900000|  0%| F|  |TAMS 0x000000074a800000, 0x000000074a800000| Untracked 
| 169|0x000000074a900000, 0x000000074a900000, 0x000000074aa00000|  0%| F|  |TAMS 0x000000074a900000, 0x000000074a900000| Untracked 
| 170|0x000000074aa00000, 0x000000074aa00000, 0x000000074ab00000|  0%| F|  |TAMS 0x000000074aa00000, 0x000000074aa00000| Untracked 
| 171|0x000000074ab00000, 0x000000074ab00000, 0x000000074ac00000|  0%| F|  |TAMS 0x000000074ab00000, 0x000000074ab00000| Untracked 
| 172|0x000000074ac00000, 0x000000074ac00000, 0x000000074ad00000|  0%| F|  |TAMS 0x000000074ac00000, 0x000000074ac00000| Untracked 
| 173|0x000000074ad00000, 0x000000074ad00000, 0x000000074ae00000|  0%| F|  |TAMS 0x000000074ad00000, 0x000000074ad00000| Untracked 
| 174|0x000000074ae00000, 0x000000074ae00000, 0x000000074af00000|  0%| F|  |TAMS 0x000000074ae00000, 0x000000074ae00000| Untracked 
| 175|0x000000074af00000, 0x000000074af00000, 0x000000074b000000|  0%| F|  |TAMS 0x000000074af00000, 0x000000074af00000| Untracked 
| 176|0x000000074b000000, 0x000000074b000000, 0x000000074b100000|  0%| F|  |TAMS 0x000000074b000000, 0x000000074b000000| Untracked 
| 177|0x000000074b100000, 0x000000074b100000, 0x000000074b200000|  0%| F|  |TAMS 0x000000074b100000, 0x000000074b100000| Untracked 
| 178|0x000000074b200000, 0x000000074b200000, 0x000000074b300000|  0%| F|  |TAMS 0x000000074b200000, 0x000000074b200000| Untracked 
| 179|0x000000074b300000, 0x000000074b300000, 0x000000074b400000|  0%| F|  |TAMS 0x000000074b300000, 0x000000074b300000| Untracked 
| 180|0x000000074b400000, 0x000000074b400000, 0x000000074b500000|  0%| F|  |TAMS 0x000000074b400000, 0x000000074b400000| Untracked 
| 181|0x000000074b500000, 0x000000074b500000, 0x000000074b600000|  0%| F|  |TAMS 0x000000074b500000, 0x000000074b500000| Untracked 
| 182|0x000000074b600000, 0x000000074b600000, 0x000000074b700000|  0%| F|  |TAMS 0x000000074b600000, 0x000000074b600000| Untracked 
| 183|0x000000074b700000, 0x000000074b700000, 0x000000074b800000|  0%| F|  |TAMS 0x000000074b700000, 0x000000074b700000| Untracked 
| 184|0x000000074b800000, 0x000000074b800000, 0x000000074b900000|  0%| F|  |TAMS 0x000000074b800000, 0x000000074b800000| Untracked 
| 185|0x000000074b900000, 0x000000074b900000, 0x000000074ba00000|  0%| F|  |TAMS 0x000000074b900000, 0x000000074b900000| Untracked 
| 186|0x000000074ba00000, 0x000000074ba00000, 0x000000074bb00000|  0%| F|  |TAMS 0x000000074ba00000, 0x000000074ba00000| Untracked 
| 187|0x000000074bb00000, 0x000000074bb00000, 0x000000074bc00000|  0%| F|  |TAMS 0x000000074bb00000, 0x000000074bb00000| Untracked 
| 188|0x000000074bc00000, 0x000000074bc00000, 0x000000074bd00000|  0%| F|  |TAMS 0x000000074bc00000, 0x000000074bc00000| Untracked 
| 189|0x000000074bd00000, 0x000000074bd00000, 0x000000074be00000|  0%| F|  |TAMS 0x000000074bd00000, 0x000000074bd00000| Untracked 
| 190|0x000000074be00000, 0x000000074be00000, 0x000000074bf00000|  0%| F|  |TAMS 0x000000074be00000, 0x000000074be00000| Untracked 
| 191|0x000000074bf00000, 0x000000074bf00000, 0x000000074c000000|  0%| F|  |TAMS 0x000000074bf00000, 0x000000074bf00000| Untracked 
| 192|0x000000074c000000, 0x000000074c000000, 0x000000074c100000|  0%| F|  |TAMS 0x000000074c000000, 0x000000074c000000| Untracked 
| 193|0x000000074c100000, 0x000000074c100000, 0x000000074c200000|  0%| F|  |TAMS 0x000000074c100000, 0x000000074c100000| Untracked 
| 194|0x000000074c200000, 0x000000074c200000, 0x000000074c300000|  0%| F|  |TAMS 0x000000074c200000, 0x000000074c200000| Untracked 
| 195|0x000000074c300000, 0x000000074c300000, 0x000000074c400000|  0%| F|  |TAMS 0x000000074c300000, 0x000000074c300000| Untracked 
| 196|0x000000074c400000, 0x000000074c400000, 0x000000074c500000|  0%| F|  |TAMS 0x000000074c400000, 0x000000074c400000| Untracked 
| 197|0x000000074c500000, 0x000000074c500000, 0x000000074c600000|  0%| F|  |TAMS 0x000000074c500000, 0x000000074c500000| Untracked 
| 198|0x000000074c600000, 0x000000074c600000, 0x000000074c700000|  0%| F|  |TAMS 0x000000074c600000, 0x000000074c600000| Untracked 
| 199|0x000000074c700000, 0x000000074c700000, 0x000000074c800000|  0%| F|  |TAMS 0x000000074c700000, 0x000000074c700000| Untracked 
| 200|0x000000074c800000, 0x000000074c800000, 0x000000074c900000|  0%| F|  |TAMS 0x000000074c800000, 0x000000074c800000| Untracked 
| 201|0x000000074c900000, 0x000000074c900000, 0x000000074ca00000|  0%| F|  |TAMS 0x000000074c900000, 0x000000074c900000| Untracked 
| 202|0x000000074ca00000, 0x000000074ca00000, 0x000000074cb00000|  0%| F|  |TAMS 0x000000074ca00000, 0x000000074ca00000| Untracked 
| 203|0x000000074cb00000, 0x000000074cb00000, 0x000000074cc00000|  0%| F|  |TAMS 0x000000074cb00000, 0x000000074cb00000| Untracked 
| 204|0x000000074cc00000, 0x000000074cc00000, 0x000000074cd00000|  0%| F|  |TAMS 0x000000074cc00000, 0x000000074cc00000| Untracked 
| 205|0x000000074cd00000, 0x000000074cd00000, 0x000000074ce00000|  0%| F|  |TAMS 0x000000074cd00000, 0x000000074cd00000| Untracked 
| 206|0x000000074ce00000, 0x000000074ce00000, 0x000000074cf00000|  0%| F|  |TAMS 0x000000074ce00000, 0x000000074ce00000| Untracked 
| 207|0x000000074cf00000, 0x000000074cf00000, 0x000000074d000000|  0%| F|  |TAMS 0x000000074cf00000, 0x000000074cf00000| Untracked 
| 208|0x000000074d000000, 0x000000074d000000, 0x000000074d100000|  0%| F|  |TAMS 0x000000074d000000, 0x000000074d000000| Untracked 
| 209|0x000000074d100000, 0x000000074d100000, 0x000000074d200000|  0%| F|  |TAMS 0x000000074d100000, 0x000000074d100000| Untracked 
| 210|0x000000074d200000, 0x000000074d200000, 0x000000074d300000|  0%| F|  |TAMS 0x000000074d200000, 0x000000074d200000| Untracked 
| 211|0x000000074d300000, 0x000000074d300000, 0x000000074d400000|  0%| F|  |TAMS 0x000000074d300000, 0x000000074d300000| Untracked 
| 212|0x000000074d400000, 0x000000074d400000, 0x000000074d500000|  0%| F|  |TAMS 0x000000074d400000, 0x000000074d400000| Untracked 
| 213|0x000000074d500000, 0x000000074d500000, 0x000000074d600000|  0%| F|  |TAMS 0x000000074d500000, 0x000000074d500000| Untracked 
| 214|0x000000074d600000, 0x000000074d600000, 0x000000074d700000|  0%| F|  |TAMS 0x000000074d600000, 0x000000074d600000| Untracked 
| 215|0x000000074d700000, 0x000000074d700000, 0x000000074d800000|  0%| F|  |TAMS 0x000000074d700000, 0x000000074d700000| Untracked 
| 216|0x000000074d800000, 0x000000074d800000, 0x000000074d900000|  0%| F|  |TAMS 0x000000074d800000, 0x000000074d800000| Untracked 
| 217|0x000000074d900000, 0x000000074d900000, 0x000000074da00000|  0%| F|  |TAMS 0x000000074d900000, 0x000000074d900000| Untracked 
| 218|0x000000074da00000, 0x000000074da00000, 0x000000074db00000|  0%| F|  |TAMS 0x000000074da00000, 0x000000074da00000| Untracked 
| 219|0x000000074db00000, 0x000000074db00000, 0x000000074dc00000|  0%| F|  |TAMS 0x000000074db00000, 0x000000074db00000| Untracked 
| 220|0x000000074dc00000, 0x000000074dc00000, 0x000000074dd00000|  0%| F|  |TAMS 0x000000074dc00000, 0x000000074dc00000| Untracked 
| 221|0x000000074dd00000, 0x000000074dd00000, 0x000000074de00000|  0%| F|  |TAMS 0x000000074dd00000, 0x000000074dd00000| Untracked 
| 222|0x000000074de00000, 0x000000074de00000, 0x000000074df00000|  0%| F|  |TAMS 0x000000074de00000, 0x000000074de00000| Untracked 
| 223|0x000000074df00000, 0x000000074df00000, 0x000000074e000000|  0%| F|  |TAMS 0x000000074df00000, 0x000000074df00000| Untracked 
| 224|0x000000074e000000, 0x000000074e000000, 0x000000074e100000|  0%| F|  |TAMS 0x000000074e000000, 0x000000074e000000| Untracked 
| 225|0x000000074e100000, 0x000000074e100000, 0x000000074e200000|  0%| F|  |TAMS 0x000000074e100000, 0x000000074e100000| Untracked 
| 226|0x000000074e200000, 0x000000074e200000, 0x000000074e300000|  0%| F|  |TAMS 0x000000074e200000, 0x000000074e200000| Untracked 
| 227|0x000000074e300000, 0x000000074e300000, 0x000000074e400000|  0%| F|  |TAMS 0x000000074e300000, 0x000000074e300000| Untracked 
| 228|0x000000074e400000, 0x000000074e400000, 0x000000074e500000|  0%| F|  |TAMS 0x000000074e400000, 0x000000074e400000| Untracked 
| 229|0x000000074e500000, 0x000000074e500000, 0x000000074e600000|  0%| F|  |TAMS 0x000000074e500000, 0x000000074e500000| Untracked 
| 230|0x000000074e600000, 0x000000074e600000, 0x000000074e700000|  0%| F|  |TAMS 0x000000074e600000, 0x000000074e600000| Untracked 
| 231|0x000000074e700000, 0x000000074e700000, 0x000000074e800000|  0%| F|  |TAMS 0x000000074e700000, 0x000000074e700000| Untracked 
| 232|0x000000074e800000, 0x000000074e800000, 0x000000074e900000|  0%| F|  |TAMS 0x000000074e800000, 0x000000074e800000| Untracked 
| 233|0x000000074e900000, 0x000000074e900000, 0x000000074ea00000|  0%| F|  |TAMS 0x000000074e900000, 0x000000074e900000| Untracked 
| 234|0x000000074ea00000, 0x000000074ea00000, 0x000000074eb00000|  0%| F|  |TAMS 0x000000074ea00000, 0x000000074ea00000| Untracked 
| 235|0x000000074eb00000, 0x000000074eb00000, 0x000000074ec00000|  0%| F|  |TAMS 0x000000074eb00000, 0x000000074eb00000| Untracked 
| 236|0x000000074ec00000, 0x000000074ec00000, 0x000000074ed00000|  0%| F|  |TAMS 0x000000074ec00000, 0x000000074ec00000| Untracked 
| 237|0x000000074ed00000, 0x000000074ed00000, 0x000000074ee00000|  0%| F|  |TAMS 0x000000074ed00000, 0x000000074ed00000| Untracked 
| 238|0x000000074ee00000, 0x000000074ee00000, 0x000000074ef00000|  0%| F|  |TAMS 0x000000074ee00000, 0x000000074ee00000| Untracked 
| 239|0x000000074ef00000, 0x000000074ef00000, 0x000000074f000000|  0%| F|  |TAMS 0x000000074ef00000, 0x000000074ef00000| Untracked 
| 240|0x000000074f000000, 0x000000074f000000, 0x000000074f100000|  0%| F|  |TAMS 0x000000074f000000, 0x000000074f000000| Untracked 
| 241|0x000000074f100000, 0x000000074f100000, 0x000000074f200000|  0%| F|  |TAMS 0x000000074f100000, 0x000000074f100000| Untracked 
| 242|0x000000074f200000, 0x000000074f200000, 0x000000074f300000|  0%| F|  |TAMS 0x000000074f200000, 0x000000074f200000| Untracked 
| 243|0x000000074f300000, 0x000000074f300000, 0x000000074f400000|  0%| F|  |TAMS 0x000000074f300000, 0x000000074f300000| Untracked 
| 244|0x000000074f400000, 0x000000074f400000, 0x000000074f500000|  0%| F|  |TAMS 0x000000074f400000, 0x000000074f400000| Untracked 
| 245|0x000000074f500000, 0x000000074f500000, 0x000000074f600000|  0%| F|  |TAMS 0x000000074f500000, 0x000000074f500000| Untracked 
| 246|0x000000074f600000, 0x000000074f600000, 0x000000074f700000|  0%| F|  |TAMS 0x000000074f600000, 0x000000074f600000| Untracked 
| 247|0x000000074f700000, 0x000000074f700000, 0x000000074f800000|  0%| F|  |TAMS 0x000000074f700000, 0x000000074f700000| Untracked 
| 248|0x000000074f800000, 0x000000074f800000, 0x000000074f900000|  0%| F|  |TAMS 0x000000074f800000, 0x000000074f800000| Untracked 
| 249|0x000000074f900000, 0x000000074f900000, 0x000000074fa00000|  0%| F|  |TAMS 0x000000074f900000, 0x000000074f900000| Untracked 
| 250|0x000000074fa00000, 0x000000074fa00000, 0x000000074fb00000|  0%| F|  |TAMS 0x000000074fa00000, 0x000000074fa00000| Untracked 
| 251|0x000000074fb00000, 0x000000074fb85f58, 0x000000074fc00000| 52%| E|  |TAMS 0x000000074fb00000, 0x000000074fb00000| Complete 
| 252|0x000000074fc00000, 0x000000074fd00000, 0x000000074fd00000|100%| E|CS|TAMS 0x000000074fc00000, 0x000000074fc00000| Complete 
| 253|0x000000074fd00000, 0x000000074fe00000, 0x000000074fe00000|100%| E|CS|TAMS 0x000000074fd00000, 0x000000074fd00000| Complete 
| 254|0x000000074fe00000, 0x000000074ff00000, 0x000000074ff00000|100%| E|CS|TAMS 0x000000074fe00000, 0x000000074fe00000| Complete 
| 295|0x0000000752700000, 0x0000000752800000, 0x0000000752800000|100%| E|CS|TAMS 0x0000000752700000, 0x0000000752700000| Complete 

Card table byte_map: [0x0000017e9e7a0000,0x0000017e9eda0000] _byte_map_base: 0x0000017e9ada0000

Marking Bits (Prev, Next): (CMBitMap*) 0x0000017e85ee3890, (CMBitMap*) 0x0000017e85ee3858
 Prev Bits: [0x0000017eb18c0000, 0x0000017eb48c0000)
 Next Bits: [0x0000017eae8c0000, 0x0000017eb18c0000)

Polling page: 0x0000017e80110000

Metaspace:

Usage:
  Non-class:     85.38 MB capacity,    84.05 MB ( 98%) used,     1.02 MB (  1%) free+waste,   318.25 KB ( <1%) overhead. 
      Class:     13.53 MB capacity,    12.50 MB ( 92%) used,   900.07 KB (  6%) free+waste,   151.25 KB (  1%) overhead. 
       Both:     98.90 MB capacity,    96.55 MB ( 98%) used,     1.90 MB (  2%) free+waste,   469.50 KB ( <1%) overhead. 

Virtual space:
  Non-class space:       86.00 MB reserved,      85.50 MB (>99%) committed 
      Class space:        1.00 GB reserved,      13.58 MB (  1%) committed 
             Both:        1.08 GB reserved,      99.08 MB (  9%) committed 

Chunk freelists:
   Non-Class:  58.00 KB
       Class:  4.00 KB
        Both:  62.00 KB

MaxMetaspaceSize: 17179869184.00 GB
CompressedClassSpaceSize: 1.00 GB

CodeHeap 'non-profiled nmethods': size=119168Kb used=15046Kb max_used=15046Kb free=104121Kb
 bounds [0x0000017e967f0000, 0x0000017e976b0000, 0x0000017e9dc50000]
CodeHeap 'profiled nmethods': size=119168Kb used=39473Kb max_used=39881Kb free=79694Kb
 bounds [0x0000017e8f390000, 0x0000017e91ad0000, 0x0000017e967f0000]
CodeHeap 'non-nmethods': size=7424Kb used=2229Kb max_used=3384Kb free=5194Kb
 bounds [0x0000017e8ec50000, 0x0000017e8f040000, 0x0000017e8f390000]
 total_blobs=16866 nmethods=15629 adapters=1144
 compilation: enabled
              stopped_count=0, restarted_count=0
 full_count=0

Compilation events (20 events):
Event: 153.503 Thread 0x0000017e85e30800 nmethod 17951 0x0000017e90765190 code [0x0000017e90765360, 0x0000017e90765628]
Event: 153.505 Thread 0x0000017f4a550800 17953       3       ui.dlg.o.M::getValueAt (9 bytes)
Event: 153.505 Thread 0x0000017e85e30800 17954       3       ui.dlg.o.G::ki (162 bytes)
Event: 153.505 Thread 0x0000017f4a550800 nmethod 17953 0x0000017e90845c10 code [0x0000017e90845e00, 0x0000017e908463d8]
Event: 153.505 Thread 0x0000017f4a550800 17955       3       com.jidesoft.grid.TableModelWrapperUtils::getRowAt (179 bytes)
Event: 153.506 Thread 0x0000017e85e30800 nmethod 17954 0x0000017e9089b810 code [0x0000017e9089bba0, 0x0000017e9089d178]
Event: 153.506 Thread 0x0000017f4a550800 nmethod 17955 0x0000017e909aa110 code [0x0000017e909aa460, 0x0000017e909ac308]
Event: 153.510 Thread 0x0000017e85e30800 17956       3       javax.swing.Box$Filler::paintComponent (45 bytes)
Event: 153.511 Thread 0x0000017e85e30800 nmethod 17956 0x0000017e90865690 code [0x0000017e908658c0, 0x0000017e90866258]
Event: 153.513 Thread 0x0000017f4a550800 17957       3       javax.swing.text.DefaultHighlighter::paintLayeredHighlights (104 bytes)
Event: 153.514 Thread 0x0000017f4a550800 nmethod 17957 0x0000017e909b3e10 code [0x0000017e909b4040, 0x0000017e909b4b18]
Event: 153.535 Thread 0x0000017e85e30800 17959       3       com.jidesoft.grid.FilterableTableModel::prepareFilters (421 bytes)
Event: 153.535 Thread 0x0000017f4a550800 17960       1       com.jidesoft.grid.FilterableTableModel::c (6 bytes)
Event: 153.535 Thread 0x0000017f4a550800 nmethod 17960 0x0000017e96fe6890 code [0x0000017e96fe6a40, 0x0000017e96fe6af8]
Event: 153.535 Thread 0x0000017f4a550800 17961       1       com.jidesoft.grid.FilterableTableModel::c (6 bytes)
Event: 153.535 Thread 0x0000017f4a550800 nmethod 17961 0x0000017e97030a90 code [0x0000017e97030c40, 0x0000017e97030cf8]
Event: 153.537 Thread 0x0000017e85e30800 nmethod 17959 0x0000017e90c6c490 code [0x0000017e90c6c840, 0x0000017e90c6eea8]
Event: 153.552 Thread 0x0000017e85e34000 nmethod 17931 0x0000017e976a0910 code [0x0000017e976a0bc0, 0x0000017e976a3c80]
Event: 153.552 Thread 0x0000017e85e34000 17945       4       com.jidesoft.grid.TableModelWrapperUtils::getActualTableModel (70 bytes)
Event: 153.556 Thread 0x0000017e85e34000 nmethod 17945 0x0000017e97157b10 code [0x0000017e97157cc0, 0x0000017e97158008]

GC Heap History (20 events):
Event: 100.539 GC heap before
{Heap before GC invocations=32 (full 1):
 garbage-first heap   total 262144K, used 139222K [0x0000000740000000, 0x0000000800000000)
  region size 1024K, 60 young (61440K), 6 survivors (6144K)
 Metaspace       used 97470K, capacity 99792K, committed 100048K, reserved 1136640K
  class space    used 12690K, capacity 13743K, committed 13780K, reserved 1048576K
}
Event: 100.546 GC heap after
{Heap after GC invocations=33 (full 1):
 garbage-first heap   total 262144K, used 85725K [0x0000000740000000, 0x0000000800000000)
  region size 1024K, 6 young (6144K), 6 survivors (6144K)
 Metaspace       used 97470K, capacity 99792K, committed 100048K, reserved 1136640K
  class space    used 12690K, capacity 13743K, committed 13780K, reserved 1048576K
}
Event: 100.779 GC heap before
{Heap before GC invocations=33 (full 1):
 garbage-first heap   total 262144K, used 141021K [0x0000000740000000, 0x0000000800000000)
  region size 1024K, 60 young (61440K), 6 survivors (6144K)
 Metaspace       used 97500K, capacity 99865K, committed 100048K, reserved 1136640K
  class space    used 12690K, capacity 13743K, committed 13780K, reserved 1048576K
}
Event: 100.785 GC heap after
{Heap after GC invocations=34 (full 1):
 garbage-first heap   total 262144K, used 86572K [0x0000000740000000, 0x0000000800000000)
  region size 1024K, 5 young (5120K), 5 survivors (5120K)
 Metaspace       used 97500K, capacity 99865K, committed 100048K, reserved 1136640K
  class space    used 12690K, capacity 13743K, committed 13780K, reserved 1048576K
}
Event: 101.188 GC heap before
{Heap before GC invocations=34 (full 1):
 garbage-first heap   total 262144K, used 142892K [0x0000000740000000, 0x0000000800000000)
  region size 1024K, 60 young (61440K), 5 survivors (5120K)
 Metaspace       used 97697K, capacity 100069K, committed 100304K, reserved 1136640K
  class space    used 12699K, capacity 13747K, committed 13780K, reserved 1048576K
}
Event: 101.192 GC heap after
{Heap after GC invocations=35 (full 1):
 garbage-first heap   total 262144K, used 86906K [0x0000000740000000, 0x0000000800000000)
  region size 1024K, 5 young (5120K), 5 survivors (5120K)
 Metaspace       used 97697K, capacity 100069K, committed 100304K, reserved 1136640K
  class space    used 12699K, capacity 13747K, committed 13780K, reserved 1048576K
}
Event: 101.965 GC heap before
{Heap before GC invocations=35 (full 1):
 garbage-first heap   total 262144K, used 143226K [0x0000000740000000, 0x0000000800000000)
  region size 1024K, 60 young (61440K), 5 survivors (5120K)
 Metaspace       used 97805K, capacity 100136K, committed 100304K, reserved 1136640K
  class space    used 12701K, capacity 13748K, committed 13780K, reserved 1048576K
}
Event: 101.969 GC heap after
{Heap after GC invocations=36 (full 1):
 garbage-first heap   total 262144K, used 86908K [0x0000000740000000, 0x0000000800000000)
  region size 1024K, 4 young (4096K), 4 survivors (4096K)
 Metaspace       used 97805K, capacity 100136K, committed 100304K, reserved 1136640K
  class space    used 12701K, capacity 13748K, committed 13780K, reserved 1048576K
}
Event: 102.682 GC heap before
{Heap before GC invocations=36 (full 1):
 garbage-first heap   total 262144K, used 144252K [0x0000000740000000, 0x0000000800000000)
  region size 1024K, 60 young (61440K), 4 survivors (4096K)
 Metaspace       used 97861K, capacity 100264K, committed 100304K, reserved 1136640K
  class space    used 12702K, capacity 13748K, committed 13780K, reserved 1048576K
}
Event: 102.686 GC heap after
{Heap after GC invocations=37 (full 1):
 garbage-first heap   total 262144K, used 86784K [0x0000000740000000, 0x0000000800000000)
  region size 1024K, 3 young (3072K), 3 survivors (3072K)
 Metaspace       used 97861K, capacity 100264K, committed 100304K, reserved 1136640K
  class space    used 12702K, capacity 13748K, committed 13780K, reserved 1048576K
}
Event: 104.700 GC heap before
{Heap before GC invocations=37 (full 1):
 garbage-first heap   total 262144K, used 145152K [0x0000000740000000, 0x0000000800000000)
  region size 1024K, 60 young (61440K), 3 survivors (3072K)
 Metaspace       used 97971K, capacity 100331K, committed 100560K, reserved 1136640K
  class space    used 12714K, capacity 13749K, committed 13780K, reserved 1048576K
}
Event: 104.704 GC heap after
{Heap after GC invocations=38 (full 1):
 garbage-first heap   total 262144K, used 87238K [0x0000000740000000, 0x0000000800000000)
  region size 1024K, 4 young (4096K), 4 survivors (4096K)
 Metaspace       used 97971K, capacity 100331K, committed 100560K, reserved 1136640K
  class space    used 12714K, capacity 13749K, committed 13780K, reserved 1048576K
}
Event: 120.528 GC heap before
{Heap before GC invocations=38 (full 1):
 garbage-first heap   total 262144K, used 121030K [0x0000000740000000, 0x0000000800000000)
  region size 1024K, 38 young (38912K), 4 survivors (4096K)
 Metaspace       used 98264K, capacity 100587K, committed 100816K, reserved 1136640K
  class space    used 12723K, capacity 13749K, committed 13780K, reserved 1048576K
}
Event: 120.613 GC heap after
{Heap after GC invocations=39 (full 2):
 garbage-first heap   total 262144K, used 79879K [0x0000000740000000, 0x0000000800000000)
  region size 1024K, 0 young (0K), 0 survivors (0K)
 Metaspace       used 98264K, capacity 100587K, committed 100816K, reserved 1136640K
  class space    used 12723K, capacity 13749K, committed 13780K, reserved 1048576K
}
Event: 149.689 GC heap before
{Heap before GC invocations=39 (full 2):
 garbage-first heap   total 262144K, used 141319K [0x0000000740000000, 0x0000000800000000)
  region size 1024K, 60 young (61440K), 0 survivors (0K)
 Metaspace       used 98419K, capacity 100755K, committed 100944K, reserved 1136640K
  class space    used 12741K, capacity 13784K, committed 13908K, reserved 1048576K
}
Event: 149.691 GC heap after
{Heap after GC invocations=40 (full 2):
 garbage-first heap   total 262144K, used 80616K [0x0000000740000000, 0x0000000800000000)
  region size 1024K, 1 young (1024K), 1 survivors (1024K)
 Metaspace       used 98419K, capacity 100755K, committed 100944K, reserved 1136640K
  class space    used 12741K, capacity 13784K, committed 13908K, reserved 1048576K
}
Event: 150.383 GC heap before
{Heap before GC invocations=40 (full 2):
 garbage-first heap   total 262144K, used 141032K [0x0000000740000000, 0x0000000800000000)
  region size 1024K, 60 young (61440K), 1 survivors (1024K)
 Metaspace       used 98438K, capacity 100755K, committed 100944K, reserved 1136640K
  class space    used 12741K, capacity 13784K, committed 13908K, reserved 1048576K
}
Event: 150.385 GC heap after
{Heap after GC invocations=41 (full 2):
 garbage-first heap   total 262144K, used 80306K [0x0000000740000000, 0x0000000800000000)
  region size 1024K, 1 young (1024K), 1 survivors (1024K)
 Metaspace       used 98438K, capacity 100755K, committed 100944K, reserved 1136640K
  class space    used 12741K, capacity 13784K, committed 13908K, reserved 1048576K
}
Event: 151.154 GC heap before
{Heap before GC invocations=41 (full 2):
 garbage-first heap   total 262144K, used 94642K [0x0000000740000000, 0x0000000800000000)
  region size 1024K, 16 young (16384K), 1 survivors (1024K)
 Metaspace       used 98534K, capacity 100859K, committed 101200K, reserved 1136640K
  class space    used 12763K, capacity 13819K, committed 13908K, reserved 1048576K
}
Event: 151.260 GC heap after
{Heap after GC invocations=42 (full 3):
 garbage-first heap   total 262144K, used 79224K [0x0000000740000000, 0x0000000800000000)
  region size 1024K, 0 young (0K), 0 survivors (0K)
 Metaspace       used 98534K, capacity 100859K, committed 101200K, reserved 1136640K
  class space    used 12763K, capacity 13819K, committed 13908K, reserved 1048576K
}

Deoptimization events (20 events):
Event: 153.429 Thread 0x0000017eb700d800 Uncommon trap: trap_request=0xffffffde fr.pc=0x0000017e96ea5c0c relative=0x000000000000184c
Event: 153.429 Thread 0x0000017eb700d800 Uncommon trap: reason=class_check action=maybe_recompile pc=0x0000017e96ea5c0c method=java.awt.KeyboardFocusManager.clearMostRecentFocusOwner(Ljava/awt/Component;)V @ 67 c2
Event: 153.429 Thread 0x0000017eb700d800 DEOPT PACKING pc=0x0000017e96ea5c0c sp=0x00000011040f4d10
Event: 153.429 Thread 0x0000017eb700d800 DEOPT UNPACKING pc=0x0000017e8ec768af sp=0x00000011040f4ad0 mode 2
Event: 153.435 Thread 0x0000017eb700d800 Uncommon trap: trap_request=0xffffffde fr.pc=0x0000017e96f3166c relative=0x00000000000007ac
Event: 153.435 Thread 0x0000017eb700d800 Uncommon trap: reason=class_check action=maybe_recompile pc=0x0000017e96f3166c method=java.awt.KeyboardFocusManager.clearMostRecentFocusOwner(Ljava/awt/Component;)V @ 67 c2
Event: 153.435 Thread 0x0000017eb700d800 DEOPT PACKING pc=0x0000017e96f3166c sp=0x00000011040f43a0
Event: 153.435 Thread 0x0000017eb700d800 DEOPT UNPACKING pc=0x0000017e8ec768af sp=0x00000011040f4358 mode 2
Event: 153.435 Thread 0x0000017eb700d800 Uncommon trap: trap_request=0xffffff4d fr.pc=0x0000017e9759ab44 relative=0x00000000000009c4
Event: 153.435 Thread 0x0000017eb700d800 Uncommon trap: reason=unstable_if action=reinterpret pc=0x0000017e9759ab44 method=java.awt.EventQueue.removeSourceEvents(Ljava/lang/Object;Z)V @ 88 c2
Event: 153.435 Thread 0x0000017eb700d800 DEOPT PACKING pc=0x0000017e9759ab44 sp=0x00000011040f43b0
Event: 153.435 Thread 0x0000017eb700d800 DEOPT UNPACKING pc=0x0000017e8ec768af sp=0x00000011040f4358 mode 2
Event: 153.466 Thread 0x0000017eb700d800 Uncommon trap: trap_request=0xfffffff4 fr.pc=0x0000017e96b8afa4 relative=0x00000000000000e4
Event: 153.466 Thread 0x0000017eb700d800 Uncommon trap: reason=null_check action=make_not_entrant pc=0x0000017e96b8afa4 method=java.awt.Component.getNativeContainer()Ljava/awt/Container; @ 13 c2
Event: 153.466 Thread 0x0000017eb700d800 DEOPT PACKING pc=0x0000017e96b8afa4 sp=0x00000011040f5170
Event: 153.466 Thread 0x0000017eb700d800 DEOPT UNPACKING pc=0x0000017e8ec768af sp=0x00000011040f50f0 mode 2
Event: 153.474 Thread 0x0000017eb700d800 Uncommon trap: trap_request=0xffffff4d fr.pc=0x0000017e96999f84 relative=0x0000000000000064
Event: 153.474 Thread 0x0000017eb700d800 Uncommon trap: reason=unstable_if action=reinterpret pc=0x0000017e96999f84 method=javax.swing.tree.VariableHeightLayoutCache$TreeStateNode.getPreferredWidth()I @ 4 c2
Event: 153.474 Thread 0x0000017eb700d800 DEOPT PACKING pc=0x0000017e96999f84 sp=0x00000011040f6740
Event: 153.474 Thread 0x0000017eb700d800 DEOPT UNPACKING pc=0x0000017e8ec768af sp=0x00000011040f66e0 mode 2

Classes redefined (0 events):
No events

Internal exceptions (20 events):
Event: 81.839 Thread 0x0000017eb700d800 Exception <a 'java/lang/NoSuchMethodError'{0x000000074cee84f0}: 'java.lang.Object java.lang.invoke.DirectMethodHandle$Holder.invokeSpecial(java.lang.Object, java.lang.Object, int, int, int, java.lang.Object, int, int, int, int)'> (0x000000074cee84f0) thrown at [./src/hotspot/share/interpreter/linkResolver.cpp, line 773]
Event: 81.839 Thread 0x0000017eb700d800 Exception <a 'java/lang/NoSuchMethodError'{0x000000074ceebab8}: 'java.lang.Object java.lang.invoke.DelegatingMethodHandle$Holder.reinvoke_L(java.lang.Object, int, int, int, java.lang.Object, int, int, int, int)'> (0x000000074ceebab8) thrown at [./src/hotspot/share/interpreter/linkResolver.cpp, line 773]
Event: 81.840 Thread 0x0000017eb700d800 Exception <a 'java/lang/NoSuchMethodError'{0x000000074cd3a1c0}: 'java.lang.Object java.lang.invoke.DelegatingMethodHandle$Holder.reinvoke_L(java.lang.Object, java.lang.Object, int, int, int, int)'> (0x000000074cd3a1c0) thrown at [./src/hotspot/share/interpreter/linkResolver.cpp, line 773]
Event: 81.840 Thread 0x0000017eb700d800 Exception <a 'java/lang/NoSuchMethodError'{0x000000074cd3d330}: 'java.lang.Object java.lang.invoke.Invokers$Holder.linkToTargetMethod(java.lang.Object, int, int, int, int, java.lang.Object)'> (0x000000074cd3d330) thrown at [./src/hotspot/share/interpreter/linkResolver.cpp, line 773]
Event: 81.856 Thread 0x0000017eb700d800 Implicit null exception at 0x0000017e9748eb41 to 0x0000017e974909f8
Event: 81.856 Thread 0x0000017eb700d800 Implicit null exception at 0x0000017e9748eb41 to 0x0000017e974909f8
Event: 81.856 Thread 0x0000017eb700d800 Implicit null exception at 0x0000017e9748eb41 to 0x0000017e974909f8
Event: 81.856 Thread 0x0000017eb700d800 Implicit null exception at 0x0000017e9748eb41 to 0x0000017e974909f8
Event: 81.856 Thread 0x0000017eb700d800 Implicit null exception at 0x0000017e97492cb1 to 0x0000017e97494c98
Event: 81.872 Thread 0x0000017eb700d800 Exception <a 'java/lang/NoSuchMethodError'{0x000000074cc027d8}: 'java.lang.Object java.lang.invoke.DirectMethodHandle$Holder.invokeStatic(java.lang.Object, java.lang.Object, int, java.lang.Object, int)'> (0x000000074cc027d8) thrown at [./src/hotspot/share/interpreter/linkResolver.cpp, line 773]
Event: 81.873 Thread 0x0000017eb700d800 Exception <a 'java/lang/NoSuchMethodError'{0x000000074cc08fe8}: 'java.lang.Object java.lang.invoke.Invokers$Holder.linkToTargetMethod(java.lang.Object, int, java.lang.Object, int, java.lang.Object)'> (0x000000074cc08fe8) thrown at [./src/hotspot/share/interpreter/linkResolver.cpp, line 773]
Event: 90.056 Thread 0x0000017eac317800 Implicit null exception at 0x0000017e96b7ccf1 to 0x0000017e96b7cd8c
Event: 99.591 Thread 0x0000017eb700d800 Implicit null exception at 0x0000017e975433c7 to 0x0000017e97543996
Event: 100.046 Thread 0x0000017eb700d800 Implicit null exception at 0x0000017e96bc7d93 to 0x0000017e96bc7dc4
Event: 100.097 Thread 0x0000017ec8d0a800 Exception <a 'java/lang/InterruptedException'{0x000000074cc0a220}: sleep interrupted> (0x000000074cc0a220) thrown at [./src/hotspot/share/prims/jvm.cpp, line 3099]
Event: 100.103 Thread 0x0000017ec8d0a800 Exception <a 'java/lang/InterruptedException'{0x000000074cc164e0}: sleep interrupted> (0x000000074cc164e0) thrown at [./src/hotspot/share/prims/jvm.cpp, line 3099]
Event: 101.041 Thread 0x0000017eb700d800 Exception <a 'java/lang/NoSuchMethodError'{0x000000074e127538}: 'void java.lang.invoke.DirectMethodHandle$Holder.invokeSpecial(java.lang.Object, java.lang.Object, int)'> (0x000000074e127538) thrown at [./src/hotspot/share/interpreter/linkResolver.cpp, line 773]
Event: 101.192 Thread 0x0000017eb700d800 Implicit null exception at 0x0000017e96caa97b to 0x0000017e96caaf68
Event: 120.613 Thread 0x0000017eb5de0000 Implicit null exception at 0x0000017e975eba8f to 0x0000017e975edb34
Event: 153.466 Thread 0x0000017eb700d800 Implicit null exception at 0x0000017e96b8af30 to 0x0000017e96b8af97

Events (20 events):
Event: 153.528 loading class ui/data/coregen/bU
Event: 153.528 loading class ui/data/coregen/bU done
Event: 153.528 loading class ui/data/coregen/bY
Event: 153.528 loading class ui/data/coregen/bY done
Event: 153.529 loading class ui/data/coregen/cd
Event: 153.529 loading class ui/data/coregen/cd done
Event: 153.529 loading class ui/data/coregen/bp
Event: 153.529 loading class ui/data/coregen/bp done
Event: 153.530 loading class ui/data/coregen/cg
Event: 153.530 loading class ui/data/coregen/cg done
Event: 153.530 loading class ui/data/coregen/cM
Event: 153.530 loading class ui/data/coregen/cM done
Event: 153.531 loading class ui/data/coregen/cT
Event: 153.531 loading class ui/data/coregen/cT done
Event: 153.532 loading class ui/data/coregen/cZ
Event: 153.532 loading class ui/data/coregen/cZ done
Event: 153.532 loading class ui/data/coregen/cS
Event: 153.532 loading class ui/data/coregen/cS done
Event: 153.532 loading class ui/views/m/F
Event: 153.532 loading class ui/views/m/F done


Dynamic libraries:
0x00007ff7ab1e0000 - 0x00007ff7ab211000 	C:\Xilinx\Vivado\2021.2\bin\unwrapped\win64.o\vivado.exe
0x00007ffd265d0000 - 0x00007ffd267c5000 	C:\Windows\SYSTEM32\ntdll.dll
0x00007ffd263a0000 - 0x00007ffd2645e000 	C:\Windows\System32\KERNEL32.DLL
0x00007ffd241e0000 - 0x00007ffd244a8000 	C:\Windows\System32\KERNELBASE.dll
0x00007ffd23cf0000 - 0x00007ffd23df0000 	C:\Windows\System32\ucrtbase.dll
0x00007ffd10360000 - 0x00007ffd1037b000 	C:\Windows\SYSTEM32\VCRUNTIME140.dll
0x00007ffd0fe50000 - 0x00007ffd0fedd000 	C:\Windows\SYSTEM32\MSVCP140.dll
0x00007ffd10be0000 - 0x00007ffd10bec000 	C:\Windows\SYSTEM32\VCRUNTIME140_1.dll
0x00007ffd19f40000 - 0x00007ffd19f58000 	C:\Xilinx\Vivado\2021.2\lib\win64.o\librdi_commonmain.dll
0x00007ffcca3d0000 - 0x00007ffccb69a000 	C:\Xilinx\Vivado\2021.2\lib\win64.o\librdi_common.dll
0x00007ffd25770000 - 0x00007ffd25910000 	C:\Windows\System32\USER32.dll
0x00007ffd16950000 - 0x00007ffd16971000 	C:\Xilinx\Vivado\2021.2\lib\win64.o\libboost_filesystem.dll
0x00007ffd23df0000 - 0x00007ffd23e12000 	C:\Windows\System32\win32u.dll
0x00007ffd261a0000 - 0x00007ffd2624e000 	C:\Windows\System32\ADVAPI32.dll
0x00007ffd24b60000 - 0x00007ffd24b8b000 	C:\Windows\System32\GDI32.dll
0x00007ffd264e0000 - 0x00007ffd2657e000 	C:\Windows\System32\msvcrt.dll
0x00007ffd24520000 - 0x00007ffd2462b000 	C:\Windows\System32\gdi32full.dll
0x00007ffd20ad0000 - 0x00007ffd20ad9000 	C:\Xilinx\Vivado\2021.2\lib\win64.o\librdi_commonversion.dll
0x00007ffd26250000 - 0x00007ffd262ec000 	C:\Windows\System32\sechost.dll
0x00007ffcf67a0000 - 0x00007ffcf6940000 	C:\Xilinx\Vivado\2021.2\lib\win64.o\librdi_commonxillic.dll
0x00007ffd24090000 - 0x00007ffd2412d000 	C:\Windows\System32\msvcp_win.dll
0x00007ffd25ee0000 - 0x00007ffd26005000 	C:\Windows\System32\RPCRT4.dll
0x00007ffd25370000 - 0x00007ffd253db000 	C:\Windows\System32\WS2_32.dll
0x00007ffd24c10000 - 0x00007ffd25354000 	C:\Windows\System32\SHELL32.dll
0x00007ffd23e20000 - 0x00007ffd23e47000 	C:\Windows\System32\bcrypt.dll
0x00007ffce05c0000 - 0x00007ffce092e000 	C:\Xilinx\Vivado\2021.2\lib\win64.o\libCOIN-all.dll
0x00007ffd18f60000 - 0x00007ffd18f71000 	C:\Xilinx\Vivado\2021.2\lib\win64.o\libboost_date_time.dll
0x00000000530b0000 - 0x00000000531db000 	C:\Xilinx\Vivado\2021.2\lib\win64.o\tcl85t.dll
0x00007ffd14280000 - 0x00007ffd142f9000 	C:\Xilinx\Vivado\2021.2\lib\win64.o\libboost_program_options.dll
0x00007ffd16930000 - 0x00007ffd1694c000 	C:\Xilinx\Vivado\2021.2\lib\win64.o\libboost_thread.dll
0x00007ffd0c480000 - 0x00007ffd0c594000 	C:\Xilinx\Vivado\2021.2\lib\win64.o\libboost_regex.dll
0x00007ffd1f210000 - 0x00007ffd1f21c000 	C:\Xilinx\Vivado\2021.2\lib\win64.o\libboost_xilinx.dll
0x00007ffd141f0000 - 0x00007ffd14272000 	C:\Xilinx\Vivado\2021.2\lib\win64.o\libhdlpsolve.dll
0x00007ffcfea40000 - 0x00007ffcfeae5000 	C:\Xilinx\Vivado\2021.2\lib\win64.o\libhdxml.dll
0x00007ffd16900000 - 0x00007ffd1692a000 	C:\Xilinx\Vivado\2021.2\lib\win64.o\libisl_sysinfo.dll
0x00007ffd16260000 - 0x00007ffd162c5000 	C:\Xilinx\Vivado\2021.2\lib\win64.o\liblmx6.0.dll
0x00007ffd168e0000 - 0x00007ffd168fa000 	C:\Xilinx\Vivado\2021.2\lib\win64.o\pthreadVC2.dll
0x00007ffd163a0000 - 0x00007ffd163bc000 	C:\Xilinx\Vivado\2021.2\lib\win64.o\librdiconfig.dll
0x00007ffd154a0000 - 0x00007ffd154c1000 	C:\Xilinx\Vivado\2021.2\lib\win64.o\librdizlib.dll
0x00007ffd25710000 - 0x00007ffd25765000 	C:\Windows\System32\SHLWAPI.dll
0x00007ffcd4300000 - 0x00007ffcd4616000 	C:\Xilinx\Vivado\2021.2\lib\win64.o\libXil_lmgr11.dll
0x00007ffd25970000 - 0x00007ffd25a4b000 	C:\Windows\System32\COMDLG32.dll
0x00007ffcd1880000 - 0x00007ffcd1b41000 	C:\Xilinx\Vivado\2021.2\lib\win64.o\xerces-c_3_2.dll
0x00007ffd25b80000 - 0x00007ffd25ed4000 	C:\Windows\System32\combase.dll
0x00007ffd253e0000 - 0x00007ffd2548d000 	C:\Windows\System32\shcore.dll
0x00007ffd25640000 - 0x00007ffd2570d000 	C:\Windows\System32\OLEAUT32.dll
0x00007ffd26010000 - 0x00007ffd2613a000 	C:\Windows\System32\ole32.dll
0x00007ffd244b0000 - 0x00007ffd24518000 	C:\Windows\System32\WINTRUST.dll
0x00007ffd23f30000 - 0x00007ffd24086000 	C:\Windows\System32\CRYPT32.dll
0x00007ffcc9420000 - 0x00007ffcca3cf800 	C:\Xilinx\Vivado\2021.2\lib\win64.o\libisl_iostreams.dll
0x00007ffd151f0000 - 0x00007ffd1520a000 	C:\Windows\SYSTEM32\NETAPI32.dll
0x00007ffd0eda0000 - 0x00007ffd0f276000 	C:\Windows\SYSTEM32\WININET.dll
0x00007ffd1cfb0000 - 0x00007ffd1d0b9000 	C:\Windows\SYSTEM32\WINHTTP.dll
0x00007ffd107f0000 - 0x00007ffd109dc000 	C:\Windows\SYSTEM32\urlmon.dll
0x00007ffd10a20000 - 0x00007ffd10a29000 	C:\Windows\SYSTEM32\WSOCK32.dll
0x00007ffd153c0000 - 0x00007ffd153f1000 	C:\Windows\SYSTEM32\VCOMP140.DLL
0x00007ffd130a0000 - 0x00007ffd13150000 	C:\Windows\WinSxS\amd64_microsoft.windows.common-controls_6595b64144ccf1df_5.82.19041.1110_none_792d1c772443f647\COMCTL32.dll
0x00007ffd1c320000 - 0x00007ffd1c33d000 	C:\Windows\SYSTEM32\dhcpcsvc.DLL
0x00007ffd23bf0000 - 0x00007ffd23c1e000 	C:\Windows\SYSTEM32\USERENV.dll
0x00007ffcc7500000 - 0x00007ffcc9417000 	C:\Xilinx\Vivado\2021.2\lib\win64.o\gurobi90.dll
0x00007ffd10530000 - 0x00007ffd107e1000 	C:\Windows\SYSTEM32\iertutil.dll
0x00007ffd15440000 - 0x00007ffd15458000 	C:\Xilinx\Vivado\2021.2\lib\win64.o\libboost_iostreams.dll
0x00007ffd26140000 - 0x00007ffd26196000 	C:\Windows\System32\WLDAP32.dll
0x00007ffd14bc0000 - 0x00007ffd14be4000 	C:\Xilinx\Vivado\2021.2\lib\win64.o\libisl_iosutils.dll
0x00007ffd25b70000 - 0x00007ffd25b78000 	C:\Windows\System32\Normaliz.dll
0x00007ffd124f0000 - 0x00007ffd12518000 	C:\Windows\SYSTEM32\srvcli.dll
0x00007ffd23240000 - 0x00007ffd2324c000 	C:\Windows\SYSTEM32\netutils.dll
0x00007ffd23440000 - 0x00007ffd234aa000 	C:\Windows\SYSTEM32\MSWSOCK.DLL
0x00007ffd246c0000 - 0x00007ffd246f0000 	C:\Windows\System32\IMM32.DLL
0x00007ffd23860000 - 0x00007ffd23872000 	C:\Windows\SYSTEM32\MSASN1.dll
0x00007ffd22590000 - 0x00007ffd225a2000 	C:\Windows\SYSTEM32\kernel.appcore.dll
0x00007ffcd0b80000 - 0x00007ffcd10b3000 	C:\Xilinx\Vivado\2021.2\lib\win64.o\librdi_commontasks.dll
0x00007ffd1c260000 - 0x00007ffd1c26a000 	C:\Windows\SYSTEM32\VERSION.dll
0x00007ffcc69b0000 - 0x00007ffcc74fd000 	C:\Xilinx\Vivado\2021.2\tps\win64\jre11.0.11_9\bin\server\jvm.dll
0x00007ffcd06b0000 - 0x00007ffcd09d5a00 	C:\Xilinx\Vivado\2021.2\lib\win64.o\librdi_sio.dll
0x00007ffd26580000 - 0x00007ffd26588000 	C:\Windows\System32\PSAPI.DLL
0x00007ffd23130000 - 0x00007ffd2316b000 	C:\Windows\SYSTEM32\IPHLPAPI.DLL
0x00007ffd21980000 - 0x00007ffd219a7000 	C:\Windows\SYSTEM32\WINMM.dll
0x00007ffd04e60000 - 0x00007ffd04e77000 	C:\Windows\system32\napinsp.dll
0x00007ffd04e40000 - 0x00007ffd04e5b000 	C:\Windows\system32\pnrpnsp.dll
0x00007ffd1e000000 - 0x00007ffd1e015000 	C:\Windows\system32\wshbth.dll
0x00007ffd1e5b0000 - 0x00007ffd1e5cd000 	C:\Windows\system32\NLAapi.dll
0x00007ffd23170000 - 0x00007ffd2323a000 	C:\Windows\SYSTEM32\DNSAPI.dll
0x00007ffd25360000 - 0x00007ffd25368000 	C:\Windows\System32\NSI.dll
0x00007ffd04cc0000 - 0x00007ffd04cd2000 	C:\Windows\System32\winrnr.dll
0x00007ffd21de0000 - 0x00007ffd22574000 	C:\Windows\SYSTEM32\windows.storage.dll
0x00007ffd236e0000 - 0x00007ffd2370c000 	C:\Windows\SYSTEM32\Wldp.dll
0x00007ffcc3da0000 - 0x00007ffcc69ac000 	C:\Xilinx\Vivado\2021.2\lib\win64.o\librdi_tcltasks.dll
0x00007ffd14420000 - 0x00007ffd14464000 	C:\Xilinx\Vivado\2021.2\lib\win64.o\libboost_serialization.dll
0x00007ffcfe5a0000 - 0x00007ffcfe620000 	C:\Xilinx\Vivado\2021.2\lib\win64.o\librdi_boarddep.dll
0x00007ffcced80000 - 0x00007ffccef3d000 	C:\Xilinx\Vivado\2021.2\lib\win64.o\librdi_board.dll
0x00007ffcce8b0000 - 0x00007ffcced78000 	C:\Xilinx\Vivado\2021.2\lib\win64.o\librdi_bitstream.dll
0x00007ffcf6670000 - 0x00007ffcf6797000 	C:\Xilinx\Vivado\2021.2\lib\win64.o\librdi_chipscope.dll
0x00007ffccd770000 - 0x00007ffccd967000 	C:\Xilinx\Vivado\2021.2\lib\win64.o\librdi_chipscopeimpl.dll
0x00007ffcdffb0000 - 0x00007ffce0112000 	C:\Xilinx\Vivado\2021.2\lib\win64.o\librdi_containers.dll
0x00007ffcc1e30000 - 0x00007ffcc3d96000 	C:\Xilinx\Vivado\2021.2\lib\win64.o\librdi_constraints.dll
0x00007ffccc0d0000 - 0x00007ffccc7f0000 	C:\Xilinx\Vivado\2021.2\lib\win64.o\librdi_coregenipxact.dll
0x00007ffcbe0f0000 - 0x00007ffcc05e2000 	C:\Xilinx\Vivado\2021.2\lib\win64.o\librdi_coregen.dll
0x00007ffcb7100000 - 0x00007ffcb9048000 	C:\Xilinx\Vivado\2021.2\lib\win64.o\librdi_designutils.dll
0x00007ffccd400000 - 0x00007ffccd768000 	C:\Xilinx\Vivado\2021.2\lib\win64.o\librdi_dlyest.dll
0x00007ffcc1790000 - 0x00007ffcc1e2e000 	C:\Xilinx\Vivado\2021.2\lib\win64.o\librdi_drc.dll
0x00007ffcfab70000 - 0x00007ffcfac25000 	C:\Xilinx\Vivado\2021.2\lib\win64.o\librdi_dsp.dll
0x00007ffcc1110000 - 0x00007ffcc178e000 	C:\Xilinx\Vivado\2021.2\lib\win64.o\librdi_filemgmt.dll
0x00007ffd12480000 - 0x00007ffd124e9000 	C:\Xilinx\Vivado\2021.2\lib\win64.o\librdi_hdf.dll
0x00007ffccbda0000 - 0x00007ffccc0c4000 	C:\Xilinx\Vivado\2021.2\lib\win64.o\librdi_guitools.dll
0x00007ffcc0e60000 - 0x00007ffcc110f000 	C:\Xilinx\Vivado\2021.2\lib\win64.o\librdi_hip_devdesign.dll
0x00007ffcdc370000 - 0x00007ffcdc4b7000 	C:\Xilinx\Vivado\2021.2\lib\win64.o\librdi_hip_perf_analysis.dll
0x00007ffcbb940000 - 0x00007ffcbc6ab000 	C:\Xilinx\Vivado\2021.2\lib\win64.o\librdi_implflow.dll
0x00007ffcd16b0000 - 0x00007ffcd17c6000 	C:\Xilinx\Vivado\2021.2\lib\win64.o\librdi_ipconfig_readwrite.dll
0x00007ffcb55c0000 - 0x00007ffcb5cb4000 	C:\Xilinx\Vivado\2021.2\lib\win64.o\librdi_lopt.dll
0x00007ffcf65f0000 - 0x00007ffcf6663000 	C:\Xilinx\Vivado\2021.2\lib\win64.o\librdi_memoryarray.dll
0x00007ffcb4f70000 - 0x00007ffcb55c0000 	C:\Xilinx\Vivado\2021.2\lib\win64.o\librdi_memdata.dll
0x00007ffcb2a60000 - 0x00007ffcb4f6b000 	C:\Xilinx\Vivado\2021.2\lib\win64.o\librdi_mig.dll
0x00007ffcf63c0000 - 0x00007ffcf6433000 	C:\Xilinx\Vivado\2021.2\lib\win64.o\librdi_noc_frameworks.dll
0x00007ffcb2320000 - 0x00007ffcb2a5b000 	C:\Xilinx\Vivado\2021.2\lib\win64.o\librdi_netlist.dll
0x00007ffd14190000 - 0x00007ffd141e7000 	C:\Xilinx\Vivado\2021.2\lib\win64.o\librdi_pfi.dll
0x00007ffcbb1a0000 - 0x00007ffcbb590000 	C:\Xilinx\Vivado\2021.2\lib\win64.o\librdi_platform.dll
0x00007ffc71b10000 - 0x00007ffc911d2000 	C:\Xilinx\Vivado\2021.2\lib\win64.o\librdi_device.dll
0x00007ffcaf530000 - 0x00007ffcb2312000 	C:\Xilinx\Vivado\2021.2\lib\win64.o\librdi_place.dll
0x00007ffcaec70000 - 0x00007ffcaf529000 	C:\Xilinx\Vivado\2021.2\lib\win64.o\librdi_power.dll
0x00007ffcae580000 - 0x00007ffcaec63000 	C:\Xilinx\Vivado\2021.2\lib\win64.o\librdi_project.dll
0x00007ffcade50000 - 0x00007ffcae57c000 	C:\Xilinx\Vivado\2021.2\lib\win64.o\librdi_psta.dll
0x00007ffcad590000 - 0x00007ffcade4e000 	C:\Xilinx\Vivado\2021.2\lib\win64.o\librdi_rsb.dll
0x00007ffcad050000 - 0x00007ffcad58f000 	C:\Xilinx\Vivado\2021.2\lib\win64.o\librdi_runs.dll
0x00007ffccc940000 - 0x00007ffccca57000 	C:\Xilinx\Vivado\2021.2\lib\win64.o\librdi_runsbase.dll
0x00007ffcbd0e0000 - 0x00007ffcbd35b000 	C:\Xilinx\Vivado\2021.2\lib\win64.o\librdi_simdata.dll
0x00007ffca5ef0000 - 0x00007ffca6faa000 	C:\Xilinx\Vivado\2021.2\lib\win64.o\librdi_timing.dll
0x00007ffcc0d40000 - 0x00007ffcc0e54000 	C:\Xilinx\Vivado\2021.2\lib\win64.o\librdi_xhub.dll

dbghelp: loaded successfully - version: 4.0.5 - missing functions: none
symbol engine: initialized successfully - sym options: 0x614 - pdb path: .;C:\Xilinx\Vivado\2021.2\bin\unwrapped\win64.o;C:\Windows\SYSTEM32;C:\Xilinx\Vivado\2021.2\lib\win64.o;C:\Windows\WinSxS\amd64_microsoft.windows.common-controls_6595b64144ccf1df_5.82.19041.1110_none_792d1c772443f647;C:\Xilinx\Vivado\2021.2\tps\win64\jre11.0.11_9\bin\server;C:\Xilinx\Vivado\2021.2\tps\win64\python-3.8.3;C:\Xilinx\Vivado\2021.2\tps\win64\jre11.0.11_9\bin;C:\Windows\WinSxS\amd64_microsoft.windows.common-controls_6595b64144ccf1df_6.0.19041.1110_none_60b5254171f9507e

VM Arguments:
jvm_args: -Dsun.java2d.pmoffscreen=false -Dhttps.protocols=TLSv1,TLSv1.1,TLSv1.2 -Dsun.java2d.xrender=false -Dsun.java2d.d3d=false -Dsun.awt.nopixfmt=true -Dsun.java2d.dpiaware=true -Dsun.java2d.uiScale.enabled=false -Xverify:none -Dswing.aatext=true -XX:-UsePerfData -Djdk.map.althashing.threshold=512 -XX:StringTableSize=4072 --add-opens=java.base/java.nio=ALL-UNNAMED --add-opens=java.desktop/sun.swing=ALL-UNNAMED --add-opens=java.desktop/javax.swing=ALL-UNNAMED --add-opens=java.desktop/javax.swing.tree=ALL-UNNAMED --add-opens=java.desktop/javax.swing.plaf.basic=ALL-UNNAMED --add-opens=java.desktop/javax.swing.plaf.synth=ALL-UNNAMED --add-opens=java.desktop/com.sun.awt=ALL-UNNAMED -XX:NewSize=60m -XX:MaxNewSize=60m -Xms256m -Xmx3072m -Xss5m 
java_command: <unknown>
java_class_path (initial): C:/Xilinx/Vivado/2021.2\lib\classes\alloy.jar;C:/Xilinx/Vivado/2021.2\lib\classes\autoesl-models.jar;C:/Xilinx/Vivado/2021.2\lib\classes\batik-anim.jar;C:/Xilinx/Vivado/2021.2\lib\classes\batik-awt-util.jar;C:/Xilinx/Vivado/2021.2\lib\classes\batik-bridge.jar;C:/Xilinx/Vivado/2021.2\lib\classes\batik-codec.jar;C:/Xilinx/Vivado/2021.2\lib\classes\batik-css.jar;C:/Xilinx/Vivado/2021.2\lib\classes\batik-dom.jar;C:/Xilinx/Vivado/2021.2\lib\classes\batik-ext.jar;C:/Xilinx/Vivado/2021.2\lib\classes\batik-gui-util.jar;C:/Xilinx/Vivado/2021.2\lib\classes\batik-gvt.jar;C:/Xilinx/Vivado/2021.2\lib\classes\batik-parser.jar;C:/Xilinx/Vivado/2021.2\lib\classes\batik-script.jar;C:/Xilinx/Vivado/2021.2\lib\classes\batik-svg-dom.jar;C:/Xilinx/Vivado/2021.2\lib\classes\batik-svggen.jar;C:/Xilinx/Vivado/2021.2\lib\classes\batik-swing.jar;C:/Xilinx/Vivado/2021.2\lib\classes\batik-transcoder.jar;C:/Xilinx/Vivado/2021.2\lib\classes\batik-util.jar;C:/Xilinx/Vivado/2021.2\lib\classes\batik-xml.jar;C:/Xilinx/Vivado/2021.2\lib\classes\com.google.gson_2.8.2.v20180104-1110.jar;C:/Xilinx/Vivado/2021.2\lib\classes\com.google.guava_27.1.0.v20190517-1946.jar;C:/Xilinx/Vivado/2021.2\lib\classes\com.sigasi.hdt.connection_4.11.0.202105170810.jar;C:/Xilinx/Vivado/2021.2\lib\classes\com.sigasi.hdt.epl_4.11.0.202105170810.jar;C:/Xilinx/Vivado/2021.2\lib\classes\com.sigasi.hdt.project_4.11.0.202105170810.jar;C:/Xilinx/Vivado/2021.2\lib\classes\com.sigasi.hdt.readonlyfilesystem_4.11.0.202105170810.jar;C:/Xilinx/Vivado/2021.2\lib\classes\com.sigasi.hdt.shared_4.11.0.202105170810.jar;C:/Xilinx/Vivado/2021.2\lib\classes\com.sigasi.lcm_4.11.0.202105170810.jar;C:/Xilinx/Vivado/2021.2\lib\classes\com.sigasi.sdk.client_4.11.0.202105170810.jar;C:/Xilinx/Vivado/2021.2\lib\classes\commons-collections4-4.1.jar;C:/Xilinx/Vivado/2021.2\lib\classes\commons-io-2.6.jar;C:/Xilinx/Vivado/2021.2\lib\classes\commons-math-2.2.jar;C:/Xilinx/Vivado/2021.2\lib\classes\Dispatch.jar;C:/Xilinx/Vivado/2
Launcher Type: generic

[Global flags]
     bool BytecodeVerificationLocal                = false                                     {product} {command line}
     bool BytecodeVerificationRemote               = false                                     {product} {command line}
     intx CICompilerCount                          = 12                                        {product} {ergonomic}
     uint ConcGCThreads                            = 3                                         {product} {ergonomic}
     uint G1ConcRefinementThreads                  = 13                                        {product} {ergonomic}
   size_t G1HeapRegionSize                         = 1048576                                   {product} {ergonomic}
    uintx GCDrainStackTargetSize                   = 64                                        {product} {ergonomic}
   size_t InitialHeapSize                          = 268435456                                 {product} {command line}
   size_t MarkStackSize                            = 4194304                                   {product} {ergonomic}
   size_t MaxHeapSize                              = 3221225472                                {product} {command line}
   size_t MaxNewSize                               = 62914560                                  {product} {command line}
   size_t MinHeapDeltaBytes                        = 1048576                                   {product} {ergonomic}
   size_t NewSize                                  = 62914560                                  {product} {command line}
    uintx NonNMethodCodeHeapSize                   = 7594288                                {pd product} {ergonomic}
    uintx NonProfiledCodeHeapSize                  = 122031976                              {pd product} {ergonomic}
    uintx ProfiledCodeHeapSize                     = 122031976                              {pd product} {ergonomic}
    uintx ReservedCodeCacheSize                    = 251658240                              {pd product} {ergonomic}
     bool SegmentedCodeCache                       = true                                      {product} {ergonomic}
    uintx StringTableSize                          = 4072                                      {product} {command line}
     intx ThreadStackSize                          = 5120                                   {pd product} {command line}
     bool UseCompressedClassPointers               = true                                 {lp64_product} {ergonomic}
     bool UseCompressedOops                        = true                                 {lp64_product} {ergonomic}
     bool UseG1GC                                  = true                                      {product} {ergonomic}
     bool UseLargePagesIndividualAllocation        = false                                  {pd product} {ergonomic}
     bool UsePerfData                              = false                                     {product} {command line}

Logging:
Log output configuration:
 #0: stdout all=warning uptime,level,tags
 #1: stderr all=off uptime,level,tags

Environment Variables:
PATH=C:/Xilinx/Vivado/2021.2\gnuwin\bin;C:/Xilinx/Vivado/2021.2\gnu\microblaze\nt\bin;C:/Xilinx/Vivado/2021.2/bin;C:/Xilinx/Vivado/2021.2/tps/win64/javafx-sdk-11.0.2/lib;C:/Xilinx/Vivado/2021.2/tps/win64/javafx-sdk-11.0.2/bin;C:/Xilinx/Vivado/2021.2/lib/win64.o;C:/Xilinx/Vivado/2021.2/tps/win64/jre11.0.11_9/bin/server;C:/Xilinx/Vivado/2021.2/tps/win64/jre11.0.11_9/bin;C:/Xilinx/Vitis/2021.2/bin;C:/Xilinx/Vivado/2021.2/ids_lite/ISE/bin/nt64;C:/Xilinx/Vivado/2021.2/ids_lite/ISE/lib/nt64;C:/Xilinx/Vitis_HLS/2021.2/bin;C:\Python310\Scripts\;C:\Python310\;C:\Windows\system32;C:\Windows;C:\Windows\System32\Wbem;C:\Windows\System32\WindowsPowerShell\v1.0\;C:\Windows\System32\OpenSSH\;C:\Program Files\Microsoft VS Code\bin;C:\Program Files\dotnet\;C:\PROGRA~2\Aldec\ACTIVE~1.3\BIN;C:\Program Files\nodejs\;C:\ProgramData\chocolatey\bin;C:\Program Files\Git\cmd;C:\Users\Mihai\AppData\Local\Microsoft\WindowsApps;C:\Users\Mihai\.dotnet\tools;C:\Users\Mihai\AppData\Roaming\npm;C:\Users\Mihai\AppData\Local\GitHubDesktop\bin;C:/Xilinx/Vivado/2021.2\tps\mingw\6.2.0\win64.o\nt\bin;C:/Xilinx/Vivado/2021.2\tps\mingw\6.2.0\win64.o\nt\libexec\gcc\x86_64-w64-mingw32\6.2.0;C:/Xilinx/Vivado/2021.2\tps\win64\python-3.8.3;C:/Xilinx/Vivado/2021.2\tps\win64\python-3.8.3\bin;C:/Xilinx/Vivado/2021.2\tps\win64\python-3.8.3\lib;C:/Xilinx/Vivado/2021.2\tps\win64\python-3.8.3\lib\site-packages
USERNAME=Mihai
OS=Windows_NT
PROCESSOR_IDENTIFIER=AMD64 Family 25 Model 80 Stepping 0, AuthenticAMD



---------------  S Y S T E M  ---------------

OS: Windows 10 , 64 bit Build 19041 (10.0.19041.1566)
OS uptime: 0 days 3:14 hours

CPU:total 16 (initial active 16) (16 cores per cpu, 2 threads per core) family 25 model 80 stepping 0 microcode 0x0, cmov, cx8, fxsr, mmx, sse, sse2, sse3, ssse3, sse4.1, sse4.2, popcnt, avx, avx2, aes, clmul, erms, mmxext, 3dnowpref, lzcnt, sse4a, ht, tsc, tscinvbit, tscinv, bmi1, bmi2,

Memory: 4k page, system-wide physical 7584M (1009M free)
TotalPageFile size 16800M (AvailPageFile size 4993M)
current process WorkingSet (physical memory assigned to process): 2930M, peak: 2931M
current process commit charge ("private bytes"): 3098M, peak: 3125M

vm_info: OpenJDK 64-Bit Server VM (11.0.11+9) for windows-amd64 JRE (11.0.11+9), built on Apr  9 2021 19:32:08 by "" with MS VC++ 15.5 (VS2017)

END.
